EB59  LDA #$FF                         A:0017 X:005D Y:0017 S:00F0 P:nv--dIZC V:0   H:27  BC:A9 FF
EB5B  STA $0224 = $00FF                A:00FF X:005D Y:0017 S:00F0 P:Nv--dIzC V:0   H:33  BC:8D 24 02
EB5E  LDA #$00                         A:00FF X:005D Y:0017 S:00F0 P:Nv--dIzC V:0   H:45  BC:A9 00
EB60  PHA                              A:0000 X:005D Y:0017 S:00F0 P:nv--dIZC V:0   H:51  BC:48
EB61  LDX #$00                         A:0000 X:005D Y:0017 S:00EF P:nv--dIZC V:0   H:60  BC:A2 00
EB63  LDA $EB6F,X [$EB6F] = $00A9      A:0000 X:0000 Y:0017 S:00EF P:nv--dIZC V:0   H:66  BC:BD 6F EB
EB66  STA $0700,X [$0700] = $0000      A:00A9 X:0000 Y:0017 S:00EF P:Nv--dIzC V:0   H:78  BC:9D 00 07
EB69  INX                              A:00A9 X:0000 Y:0017 S:00EF P:Nv--dIzC V:0   H:93  BC:E8
EB6A  BNE $EB63                        A:00A9 X:0001 Y:0017 S:00EF P:nv--dIzC V:0   H:99  BC:D0 F7
EB63  LDA $EB6F,X [$EB70] = $0040      A:00A9 X:0001 Y:0017 S:00EF P:nv--dIzC V:0   H:108 BC:BD 6F EB
EB66  STA $0700,X [$0701] = $0000      A:0040 X:0001 Y:0017 S:00EF P:nv--dIzC V:0   H:120 BC:9D 00 07
EB69  INX                              A:0040 X:0001 Y:0017 S:00EF P:nv--dIzC V:0   H:135 BC:E8
EB6A  BNE $EB63                        A:0040 X:0002 Y:0017 S:00EF P:nv--dIzC V:0   H:141 BC:D0 F7
EB63  LDA $EB6F,X [$EB71] = $008D      A:0040 X:0002 Y:0017 S:00EF P:nv--dIzC V:0   H:150 BC:BD 6F EB
EB66  STA $0700,X [$0702] = $0000      A:008D X:0002 Y:0017 S:00EF P:Nv--dIzC V:0   H:162 BC:9D 00 07
EB69  INX                              A:008D X:0002 Y:0017 S:00EF P:Nv--dIzC V:0   H:177 BC:E8
EB6A  BNE $EB63                        A:008D X:0003 Y:0017 S:00EF P:nv--dIzC V:0   H:183 BC:D0 F7
EB63  LDA $EB6F,X [$EB72] = $0000      A:008D X:0003 Y:0017 S:00EF P:nv--dIzC V:0   H:192 BC:BD 6F EB
EB66  STA $0700,X [$0703] = $0000      A:0000 X:0003 Y:0017 S:00EF P:nv--dIZC V:0   H:204 BC:9D 00 07
EB69  INX                              A:0000 X:0003 Y:0017 S:00EF P:nv--dIZC V:0   H:219 BC:E8
EB6A  BNE $EB63                        A:0000 X:0004 Y:0017 S:00EF P:nv--dIzC V:0   H:225 BC:D0 F7
EB63  LDA $EB6F,X [$EB73] = $00A0      A:0000 X:0004 Y:0017 S:00EF P:nv--dIzC V:0   H:234 BC:BD 6F EB
EB66  STA $0700,X [$0704] = $0000      A:00A0 X:0004 Y:0017 S:00EF P:Nv--dIzC V:0   H:246 BC:9D 00 07
EB69  INX                              A:00A0 X:0004 Y:0017 S:00EF P:Nv--dIzC V:0   H:261 BC:E8
EB6A  BNE $EB63                        A:00A0 X:0005 Y:0017 S:00EF P:nv--dIzC V:0   H:267 BC:D0 F7
EB63  LDA $EB6F,X [$EB74] = $004A      A:00A0 X:0005 Y:0017 S:00EF P:nv--dIzC V:0   H:276 BC:BD 6F EB
EB66  STA $0700,X [$0705] = $0000      A:004A X:0005 Y:0017 S:00EF P:nv--dIzC V:0   H:288 BC:9D 00 07
EB69  INX                              A:004A X:0005 Y:0017 S:00EF P:nv--dIzC V:0   H:303 BC:E8
EB6A  BNE $EB63                        A:004A X:0006 Y:0017 S:00EF P:nv--dIzC V:0   H:309 BC:D0 F7
EB63  LDA $EB6F,X [$EB75] = $00C9      A:004A X:0006 Y:0017 S:00EF P:nv--dIzC V:0   H:318 BC:BD 6F EB
EB66  STA $0700,X [$0706] = $0000      A:00C9 X:0006 Y:0017 S:00EF P:Nv--dIzC V:0   H:330 BC:9D 00 07
EB69  INX                              A:00C9 X:0006 Y:0017 S:00EF P:Nv--dIzC V:1   H:4   BC:E8
EB6A  BNE $EB63                        A:00C9 X:0007 Y:0017 S:00EF P:nv--dIzC V:1   H:10  BC:D0 F7
EB63  LDA $EB6F,X [$EB76] = $0002      A:00C9 X:0007 Y:0017 S:00EF P:nv--dIzC V:1   H:19  BC:BD 6F EB
EB66  STA $0700,X [$0707] = $0000      A:0002 X:0007 Y:0017 S:00EF P:nv--dIzC V:1   H:31  BC:9D 00 07
EB69  INX                              A:0002 X:0007 Y:0017 S:00EF P:nv--dIzC V:1   H:46  BC:E8
EB6A  BNE $EB63                        A:0002 X:0008 Y:0017 S:00EF P:nv--dIzC V:1   H:52  BC:D0 F7
EB63  LDA $EB6F,X [$EB77] = $00D0      A:0002 X:0008 Y:0017 S:00EF P:nv--dIzC V:1   H:61  BC:BD 6F EB
EB66  STA $0700,X [$0708] = $0000      A:00D0 X:0008 Y:0017 S:00EF P:Nv--dIzC V:1   H:73  BC:9D 00 07
EB69  INX                              A:00D0 X:0008 Y:0017 S:00EF P:Nv--dIzC V:1   H:88  BC:E8
EB6A  BNE $EB63                        A:00D0 X:0009 Y:0017 S:00EF P:nv--dIzC V:1   H:94  BC:D0 F7
EB63  LDA $EB6F,X [$EB78] = $00F8      A:00D0 X:0009 Y:0017 S:00EF P:nv--dIzC V:1   H:103 BC:BD 6F EB
EB66  STA $0700,X [$0709] = $0000      A:00F8 X:0009 Y:0017 S:00EF P:Nv--dIzC V:1   H:115 BC:9D 00 07
EB69  INX                              A:00F8 X:0009 Y:0017 S:00EF P:Nv--dIzC V:1   H:130 BC:E8
EB6A  BNE $EB63                        A:00F8 X:000A Y:0017 S:00EF P:nv--dIzC V:1   H:136 BC:D0 F7
EB63  LDA $EB6F,X [$EB79] = $00A9      A:00F8 X:000A Y:0017 S:00EF P:nv--dIzC V:1   H:145 BC:BD 6F EB
EB66  STA $0700,X [$070A] = $0000      A:00A9 X:000A Y:0017 S:00EF P:Nv--dIzC V:1   H:157 BC:9D 00 07
EB69  INX                              A:00A9 X:000A Y:0017 S:00EF P:Nv--dIzC V:1   H:172 BC:E8
EB6A  BNE $EB63                        A:00A9 X:000B Y:0017 S:00EF P:nv--dIzC V:1   H:178 BC:D0 F7
EB63  LDA $EB6F,X [$EB7A] = $0041      A:00A9 X:000B Y:0017 S:00EF P:nv--dIzC V:1   H:187 BC:BD 6F EB
EB66  STA $0700,X [$070B] = $0000      A:0041 X:000B Y:0017 S:00EF P:nv--dIzC V:1   H:199 BC:9D 00 07
EB69  INX                              A:0041 X:000B Y:0017 S:00EF P:nv--dIzC V:1   H:214 BC:E8
EB6A  BNE $EB63                        A:0041 X:000C Y:0017 S:00EF P:nv--dIzC V:1   H:220 BC:D0 F7
EB63  LDA $EB6F,X [$EB7B] = $008D      A:0041 X:000C Y:0017 S:00EF P:nv--dIzC V:1   H:229 BC:BD 6F EB
EB66  STA $0700,X [$070C] = $0000      A:008D X:000C Y:0017 S:00EF P:Nv--dIzC V:1   H:241 BC:9D 00 07
EB69  INX                              A:008D X:000C Y:0017 S:00EF P:Nv--dIzC V:1   H:256 BC:E8
EB6A  BNE $EB63                        A:008D X:000D Y:0017 S:00EF P:nv--dIzC V:1   H:262 BC:D0 F7
EB63  LDA $EB6F,X [$EB7C] = $0000      A:008D X:000D Y:0017 S:00EF P:nv--dIzC V:1   H:271 BC:BD 6F EB
EB66  STA $0700,X [$070D] = $0000      A:0000 X:000D Y:0017 S:00EF P:nv--dIZC V:1   H:283 BC:9D 00 07
EB69  INX                              A:0000 X:000D Y:0017 S:00EF P:nv--dIZC V:1   H:298 BC:E8
EB6A  BNE $EB63                        A:0000 X:000E Y:0017 S:00EF P:nv--dIzC V:1   H:304 BC:D0 F7
EB63  LDA $EB6F,X [$EB7D] = $00C0      A:0000 X:000E Y:0017 S:00EF P:nv--dIzC V:1   H:313 BC:BD 6F EB
EB66  STA $0700,X [$070E] = $0000      A:00C0 X:000E Y:0017 S:00EF P:Nv--dIzC V:1   H:325 BC:9D 00 07
EB69  INX                              A:00C0 X:000E Y:0017 S:00EF P:Nv--dIzC V:1   H:340 BC:E8
EB6A  BNE $EB63                        A:00C0 X:000F Y:0017 S:00EF P:nv--dIzC V:2   H:5   BC:D0 F7
EB63  LDA $EB6F,X [$EB7E] = $004A      A:00C0 X:000F Y:0017 S:00EF P:nv--dIzC V:2   H:14  BC:BD 6F EB
EB66  STA $0700,X [$070F] = $0000      A:004A X:000F Y:0017 S:00EF P:nv--dIzC V:2   H:26  BC:9D 00 07
EB69  INX                              A:004A X:000F Y:0017 S:00EF P:nv--dIzC V:2   H:41  BC:E8
EB6A  BNE $EB63                        A:004A X:0010 Y:0017 S:00EF P:nv--dIzC V:2   H:47  BC:D0 F7
EB63  LDA $EB6F,X [$EB7F] = $00C9      A:004A X:0010 Y:0017 S:00EF P:nv--dIzC V:2   H:56  BC:BD 6F EB
EB66  STA $0700,X [$0710] = $0000      A:00C9 X:0010 Y:0017 S:00EF P:Nv--dIzC V:2   H:68  BC:9D 00 07
EB69  INX                              A:00C9 X:0010 Y:0017 S:00EF P:Nv--dIzC V:2   H:83  BC:E8
EB6A  BNE $EB63                        A:00C9 X:0011 Y:0017 S:00EF P:nv--dIzC V:2   H:89  BC:D0 F7
EB63  LDA $EB6F,X [$EB80] = $0002      A:00C9 X:0011 Y:0017 S:00EF P:nv--dIzC V:2   H:98  BC:BD 6F EB
EB66  STA $0700,X [$0711] = $0000      A:0002 X:0011 Y:0017 S:00EF P:nv--dIzC V:2   H:110 BC:9D 00 07
EB69  INX                              A:0002 X:0011 Y:0017 S:00EF P:nv--dIzC V:2   H:125 BC:E8
EB6A  BNE $EB63                        A:0002 X:0012 Y:0017 S:00EF P:nv--dIzC V:2   H:131 BC:D0 F7
EB63  LDA $EB6F,X [$EB81] = $00D0      A:0002 X:0012 Y:0017 S:00EF P:nv--dIzC V:2   H:140 BC:BD 6F EB
EB66  STA $0700,X [$0712] = $0000      A:00D0 X:0012 Y:0017 S:00EF P:Nv--dIzC V:2   H:152 BC:9D 00 07
EB69  INX                              A:00D0 X:0012 Y:0017 S:00EF P:Nv--dIzC V:2   H:167 BC:E8
EB6A  BNE $EB63                        A:00D0 X:0013 Y:0017 S:00EF P:nv--dIzC V:2   H:173 BC:D0 F7
EB63  LDA $EB6F,X [$EB82] = $00F8      A:00D0 X:0013 Y:0017 S:00EF P:nv--dIzC V:2   H:182 BC:BD 6F EB
EB66  STA $0700,X [$0713] = $0000      A:00F8 X:0013 Y:0017 S:00EF P:Nv--dIzC V:2   H:194 BC:9D 00 07
EB69  INX                              A:00F8 X:0013 Y:0017 S:00EF P:Nv--dIzC V:2   H:209 BC:E8
EB6A  BNE $EB63                        A:00F8 X:0014 Y:0017 S:00EF P:nv--dIzC V:2   H:215 BC:D0 F7
EB63  LDA $EB6F,X [$EB83] = $00A9      A:00F8 X:0014 Y:0017 S:00EF P:nv--dIzC V:2   H:224 BC:BD 6F EB
EB66  STA $0700,X [$0714] = $0000      A:00A9 X:0014 Y:0017 S:00EF P:Nv--dIzC V:2   H:236 BC:9D 00 07
EB69  INX                              A:00A9 X:0014 Y:0017 S:00EF P:Nv--dIzC V:2   H:251 BC:E8
EB6A  BNE $EB63                        A:00A9 X:0015 Y:0017 S:00EF P:nv--dIzC V:2   H:257 BC:D0 F7
EB63  LDA $EB6F,X [$EB84] = $0094      A:00A9 X:0015 Y:0017 S:00EF P:nv--dIzC V:2   H:266 BC:BD 6F EB
EB66  STA $0700,X [$0715] = $0000      A:0094 X:0015 Y:0017 S:00EF P:Nv--dIzC V:2   H:278 BC:9D 00 07
EB69  INX                              A:0094 X:0015 Y:0017 S:00EF P:Nv--dIzC V:2   H:293 BC:E8
EB6A  BNE $EB63                        A:0094 X:0016 Y:0017 S:00EF P:nv--dIzC V:2   H:299 BC:D0 F7
EB63  LDA $EB6F,X [$EB85] = $008D      A:0094 X:0016 Y:0017 S:00EF P:nv--dIzC V:2   H:308 BC:BD 6F EB
EB66  STA $0700,X [$0716] = $0000      A:008D X:0016 Y:0017 S:00EF P:Nv--dIzC V:2   H:320 BC:9D 00 07
EB69  INX                              A:008D X:0016 Y:0017 S:00EF P:Nv--dIzC V:2   H:335 BC:E8
EB6A  BNE $EB63                        A:008D X:0017 Y:0017 S:00EF P:nv--dIzC V:3   H:0   BC:D0 F7
EB63  LDA $EB6F,X [$EB86] = $0000      A:008D X:0017 Y:0017 S:00EF P:nv--dIzC V:3   H:9   BC:BD 6F EB
EB66  STA $0700,X [$0717] = $0000      A:0000 X:0017 Y:0017 S:00EF P:nv--dIZC V:3   H:21  BC:9D 00 07
EB69  INX                              A:0000 X:0017 Y:0017 S:00EF P:nv--dIZC V:3   H:36  BC:E8
EB6A  BNE $EB63                        A:0000 X:0018 Y:0017 S:00EF P:nv--dIzC V:3   H:42  BC:D0 F7
EB63  LDA $EB6F,X [$EB87] = $0080      A:0000 X:0018 Y:0017 S:00EF P:nv--dIzC V:3   H:51  BC:BD 6F EB
EB66  STA $0700,X [$0718] = $0000      A:0080 X:0018 Y:0017 S:00EF P:Nv--dIzC V:3   H:63  BC:9D 00 07
EB69  INX                              A:0080 X:0018 Y:0017 S:00EF P:Nv--dIzC V:3   H:78  BC:E8
EB6A  BNE $EB63                        A:0080 X:0019 Y:0017 S:00EF P:nv--dIzC V:3   H:84  BC:D0 F7
EB63  LDA $EB6F,X [$EB88] = $004A      A:0080 X:0019 Y:0017 S:00EF P:nv--dIzC V:3   H:93  BC:BD 6F EB
EB66  STA $0700,X [$0719] = $0000      A:004A X:0019 Y:0017 S:00EF P:nv--dIzC V:3   H:105 BC:9D 00 07
EB69  INX                              A:004A X:0019 Y:0017 S:00EF P:nv--dIzC V:3   H:120 BC:E8
EB6A  BNE $EB63                        A:004A X:001A Y:0017 S:00EF P:nv--dIzC V:3   H:126 BC:D0 F7
EB63  LDA $EB6F,X [$EB89] = $00C9      A:004A X:001A Y:0017 S:00EF P:nv--dIzC V:3   H:135 BC:BD 6F EB
EB66  STA $0700,X [$071A] = $0000      A:00C9 X:001A Y:0017 S:00EF P:Nv--dIzC V:3   H:147 BC:9D 00 07
EB69  INX                              A:00C9 X:001A Y:0017 S:00EF P:Nv--dIzC V:3   H:162 BC:E8
EB6A  BNE $EB63                        A:00C9 X:001B Y:0017 S:00EF P:nv--dIzC V:3   H:168 BC:D0 F7
EB63  LDA $EB6F,X [$EB8A] = $0002      A:00C9 X:001B Y:0017 S:00EF P:nv--dIzC V:3   H:177 BC:BD 6F EB
EB66  STA $0700,X [$071B] = $0000      A:0002 X:001B Y:0017 S:00EF P:nv--dIzC V:3   H:189 BC:9D 00 07
EB69  INX                              A:0002 X:001B Y:0017 S:00EF P:nv--dIzC V:3   H:204 BC:E8
EB6A  BNE $EB63                        A:0002 X:001C Y:0017 S:00EF P:nv--dIzC V:3   H:210 BC:D0 F7
EB63  LDA $EB6F,X [$EB8B] = $00D0      A:0002 X:001C Y:0017 S:00EF P:nv--dIzC V:3   H:219 BC:BD 6F EB
EB66  STA $0700,X [$071C] = $0000      A:00D0 X:001C Y:0017 S:00EF P:Nv--dIzC V:3   H:231 BC:9D 00 07
EB69  INX                              A:00D0 X:001C Y:0017 S:00EF P:Nv--dIzC V:3   H:246 BC:E8
EB6A  BNE $EB63                        A:00D0 X:001D Y:0017 S:00EF P:nv--dIzC V:3   H:252 BC:D0 F7
EB63  LDA $EB6F,X [$EB8C] = $00F8      A:00D0 X:001D Y:0017 S:00EF P:nv--dIzC V:3   H:261 BC:BD 6F EB
EB66  STA $0700,X [$071D] = $0000      A:00F8 X:001D Y:0017 S:00EF P:Nv--dIzC V:3   H:273 BC:9D 00 07
EB69  INX                              A:00F8 X:001D Y:0017 S:00EF P:Nv--dIzC V:3   H:288 BC:E8
EB6A  BNE $EB63                        A:00F8 X:001E Y:0017 S:00EF P:nv--dIzC V:3   H:294 BC:D0 F7
EB63  LDA $EB6F,X [$EB8D] = $00A9      A:00F8 X:001E Y:0017 S:00EF P:nv--dIzC V:3   H:303 BC:BD 6F EB
EB66  STA $0700,X [$071E] = $0000      A:00A9 X:001E Y:0017 S:00EF P:Nv--dIzC V:3   H:315 BC:9D 00 07
EB69  INX                              A:00A9 X:001E Y:0017 S:00EF P:Nv--dIzC V:3   H:330 BC:E8
EB6A  BNE $EB63                        A:00A9 X:001F Y:0017 S:00EF P:nv--dIzC V:3   H:336 BC:D0 F7
EB63  LDA $EB6F,X [$EB8E] = $0040      A:00A9 X:001F Y:0017 S:00EF P:nv--dIzC V:4   H:4   BC:BD 6F EB
EB66  STA $0700,X [$071F] = $0000      A:0040 X:001F Y:0017 S:00EF P:nv--dIzC V:4   H:16  BC:9D 00 07
EB69  INX                              A:0040 X:001F Y:0017 S:00EF P:nv--dIzC V:4   H:31  BC:E8
EB6A  BNE $EB63                        A:0040 X:0020 Y:0017 S:00EF P:nv--dIzC V:4   H:37  BC:D0 F7
EB63  LDA $EB6F,X [$EB8F] = $008D      A:0040 X:0020 Y:0017 S:00EF P:nv--dIzC V:4   H:46  BC:BD 6F EB
EB66  STA $0700,X [$0720] = $0000      A:008D X:0020 Y:0017 S:00EF P:Nv--dIzC V:4   H:58  BC:9D 00 07
EB69  INX                              A:008D X:0020 Y:0017 S:00EF P:Nv--dIzC V:4   H:73  BC:E8
EB6A  BNE $EB63                        A:008D X:0021 Y:0017 S:00EF P:nv--dIzC V:4   H:79  BC:D0 F7
EB63  LDA $EB6F,X [$EB90] = $0000      A:008D X:0021 Y:0017 S:00EF P:nv--dIzC V:4   H:88  BC:BD 6F EB
EB66  STA $0700,X [$0721] = $0000      A:0000 X:0021 Y:0017 S:00EF P:nv--dIZC V:4   H:100 BC:9D 00 07
EB69  INX                              A:0000 X:0021 Y:0017 S:00EF P:nv--dIZC V:4   H:115 BC:E8
EB6A  BNE $EB63                        A:0000 X:0022 Y:0017 S:00EF P:nv--dIzC V:4   H:121 BC:D0 F7
EB63  LDA $EB6F,X [$EB91] = $00E0      A:0000 X:0022 Y:0017 S:00EF P:nv--dIzC V:4   H:130 BC:BD 6F EB
EB66  STA $0700,X [$0722] = $0000      A:00E0 X:0022 Y:0017 S:00EF P:Nv--dIzC V:4   H:142 BC:9D 00 07
EB69  INX                              A:00E0 X:0022 Y:0017 S:00EF P:Nv--dIzC V:4   H:157 BC:E8
EB6A  BNE $EB63                        A:00E0 X:0023 Y:0017 S:00EF P:nv--dIzC V:4   H:163 BC:D0 F7
EB63  LDA $EB6F,X [$EB92] = $004A      A:00E0 X:0023 Y:0017 S:00EF P:nv--dIzC V:4   H:172 BC:BD 6F EB
EB66  STA $0700,X [$0723] = $0000      A:004A X:0023 Y:0017 S:00EF P:nv--dIzC V:4   H:184 BC:9D 00 07
EB69  INX                              A:004A X:0023 Y:0017 S:00EF P:nv--dIzC V:4   H:199 BC:E8
EB6A  BNE $EB63                        A:004A X:0024 Y:0017 S:00EF P:nv--dIzC V:4   H:205 BC:D0 F7
EB63  LDA $EB6F,X [$EB93] = $00C9      A:004A X:0024 Y:0017 S:00EF P:nv--dIzC V:4   H:214 BC:BD 6F EB
EB66  STA $0700,X [$0724] = $0000      A:00C9 X:0024 Y:0017 S:00EF P:Nv--dIzC V:4   H:226 BC:9D 00 07
EB69  INX                              A:00C9 X:0024 Y:0017 S:00EF P:Nv--dIzC V:4   H:241 BC:E8
EB6A  BNE $EB63                        A:00C9 X:0025 Y:0017 S:00EF P:nv--dIzC V:4   H:247 BC:D0 F7
EB63  LDA $EB6F,X [$EB94] = $0002      A:00C9 X:0025 Y:0017 S:00EF P:nv--dIzC V:4   H:256 BC:BD 6F EB
EB66  STA $0700,X [$0725] = $0000      A:0002 X:0025 Y:0017 S:00EF P:nv--dIzC V:4   H:268 BC:9D 00 07
EB69  INX                              A:0002 X:0025 Y:0017 S:00EF P:nv--dIzC V:4   H:283 BC:E8
EB6A  BNE $EB63                        A:0002 X:0026 Y:0017 S:00EF P:nv--dIzC V:4   H:289 BC:D0 F7
EB63  LDA $EB6F,X [$EB95] = $00D0      A:0002 X:0026 Y:0017 S:00EF P:nv--dIzC V:4   H:298 BC:BD 6F EB
EB66  STA $0700,X [$0726] = $0000      A:00D0 X:0026 Y:0017 S:00EF P:Nv--dIzC V:4   H:310 BC:9D 00 07
EB69  INX                              A:00D0 X:0026 Y:0017 S:00EF P:Nv--dIzC V:4   H:325 BC:E8
EB6A  BNE $EB63                        A:00D0 X:0027 Y:0017 S:00EF P:nv--dIzC V:4   H:331 BC:D0 F7
EB63  LDA $EB6F,X [$EB96] = $00F8      A:00D0 X:0027 Y:0017 S:00EF P:nv--dIzC V:4   H:340 BC:BD 6F EB
EB66  STA $0700,X [$0727] = $0000      A:00F8 X:0027 Y:0017 S:00EF P:Nv--dIzC V:5   H:11  BC:9D 00 07
EB69  INX                              A:00F8 X:0027 Y:0017 S:00EF P:Nv--dIzC V:5   H:26  BC:E8
EB6A  BNE $EB63                        A:00F8 X:0028 Y:0017 S:00EF P:nv--dIzC V:5   H:32  BC:D0 F7
EB63  LDA $EB6F,X [$EB97] = $0068      A:00F8 X:0028 Y:0017 S:00EF P:nv--dIzC V:5   H:41  BC:BD 6F EB
EB66  STA $0700,X [$0728] = $0000      A:0068 X:0028 Y:0017 S:00EF P:nv--dIzC V:5   H:53  BC:9D 00 07
EB69  INX                              A:0068 X:0028 Y:0017 S:00EF P:nv--dIzC V:5   H:68  BC:E8
EB6A  BNE $EB63                        A:0068 X:0029 Y:0017 S:00EF P:nv--dIzC V:5   H:74  BC:D0 F7
EB63  LDA $EB6F,X [$EB98] = $006C      A:0068 X:0029 Y:0017 S:00EF P:nv--dIzC V:5   H:83  BC:BD 6F EB
EB66  STA $0700,X [$0729] = $0000      A:006C X:0029 Y:0017 S:00EF P:nv--dIzC V:5   H:95  BC:9D 00 07
EB69  INX                              A:006C X:0029 Y:0017 S:00EF P:nv--dIzC V:5   H:110 BC:E8
EB6A  BNE $EB63                        A:006C X:002A Y:0017 S:00EF P:nv--dIzC V:5   H:116 BC:D0 F7
EB63  LDA $EB6F,X [$EB99] = $00F8      A:006C X:002A Y:0017 S:00EF P:nv--dIzC V:5   H:125 BC:BD 6F EB
EB66  STA $0700,X [$072A] = $0000      A:00F8 X:002A Y:0017 S:00EF P:Nv--dIzC V:5   H:137 BC:9D 00 07
EB69  INX                              A:00F8 X:002A Y:0017 S:00EF P:Nv--dIzC V:5   H:152 BC:E8
EB6A  BNE $EB63                        A:00F8 X:002B Y:0017 S:00EF P:nv--dIzC V:5   H:158 BC:D0 F7
EB63  LDA $EB6F,X [$EB9A] = $00FF      A:00F8 X:002B Y:0017 S:00EF P:nv--dIzC V:5   H:167 BC:BD 6F EB
EB66  STA $0700,X [$072B] = $0000      A:00FF X:002B Y:0017 S:00EF P:Nv--dIzC V:5   H:179 BC:9D 00 07
EB69  INX                              A:00FF X:002B Y:0017 S:00EF P:Nv--dIzC V:5   H:194 BC:E8
EB6A  BNE $EB63                        A:00FF X:002C Y:0017 S:00EF P:nv--dIzC V:5   H:200 BC:D0 F7
EB63  LDA $EB6F,X [$EB9B] = $00C9      A:00FF X:002C Y:0017 S:00EF P:nv--dIzC V:5   H:209 BC:BD 6F EB
EB66  STA $0700,X [$072C] = $0000      A:00C9 X:002C Y:0017 S:00EF P:Nv--dIzC V:5   H:221 BC:9D 00 07
EB69  INX                              A:00C9 X:002C Y:0017 S:00EF P:Nv--dIzC V:5   H:236 BC:E8
EB6A  BNE $EB63                        A:00C9 X:002D Y:0017 S:00EF P:nv--dIzC V:5   H:242 BC:D0 F7
EB63  LDA $EB6F,X [$EB9C] = $0000      A:00C9 X:002D Y:0017 S:00EF P:nv--dIzC V:5   H:251 BC:BD 6F EB
EB66  STA $0700,X [$072D] = $0000      A:0000 X:002D Y:0017 S:00EF P:nv--dIZC V:5   H:263 BC:9D 00 07
EB69  INX                              A:0000 X:002D Y:0017 S:00EF P:nv--dIZC V:5   H:278 BC:E8
EB6A  BNE $EB63                        A:0000 X:002E Y:0017 S:00EF P:nv--dIzC V:5   H:284 BC:D0 F7
EB63  LDA $EB6F,X [$EB9D] = $00F0      A:0000 X:002E Y:0017 S:00EF P:nv--dIzC V:5   H:293 BC:BD 6F EB
EB66  STA $0700,X [$072E] = $0000      A:00F0 X:002E Y:0017 S:00EF P:Nv--dIzC V:5   H:305 BC:9D 00 07
EB69  INX                              A:00F0 X:002E Y:0017 S:00EF P:Nv--dIzC V:5   H:320 BC:E8
EB6A  BNE $EB63                        A:00F0 X:002F Y:0017 S:00EF P:nv--dIzC V:5   H:326 BC:D0 F7
EB63  LDA $EB6F,X [$EB9E] = $0020      A:00F0 X:002F Y:0017 S:00EF P:nv--dIzC V:5   H:335 BC:BD 6F EB
EB66  STA $0700,X [$072F] = $0000      A:0020 X:002F Y:0017 S:00EF P:nv--dIzC V:6   H:6   BC:9D 00 07
EB69  INX                              A:0020 X:002F Y:0017 S:00EF P:nv--dIzC V:6   H:21  BC:E8
EB6A  BNE $EB63                        A:0020 X:0030 Y:0017 S:00EF P:nv--dIzC V:6   H:27  BC:D0 F7
EB63  LDA $EB6F,X [$EB9F] = $0020      A:0020 X:0030 Y:0017 S:00EF P:nv--dIzC V:6   H:36  BC:BD 6F EB
EB66  STA $0700,X [$0730] = $0000      A:0020 X:0030 Y:0017 S:00EF P:nv--dIzC V:6   H:48  BC:9D 00 07
EB69  INX                              A:0020 X:0030 Y:0017 S:00EF P:nv--dIzC V:6   H:63  BC:E8
EB6A  BNE $EB63                        A:0020 X:0031 Y:0017 S:00EF P:nv--dIzC V:6   H:69  BC:D0 F7
EB63  LDA $EB6F,X [$EBA0] = $0001      A:0020 X:0031 Y:0017 S:00EF P:nv--dIzC V:6   H:78  BC:BD 6F EB
EB66  STA $0700,X [$0731] = $0000      A:0001 X:0031 Y:0017 S:00EF P:nv--dIzC V:6   H:90  BC:9D 00 07
EB69  INX                              A:0001 X:0031 Y:0017 S:00EF P:nv--dIzC V:6   H:105 BC:E8
EB6A  BNE $EB63                        A:0001 X:0032 Y:0017 S:00EF P:nv--dIzC V:6   H:111 BC:D0 F7
EB63  LDA $EB6F,X [$EBA1] = $00E5      A:0001 X:0032 Y:0017 S:00EF P:nv--dIzC V:6   H:120 BC:BD 6F EB
EB66  STA $0700,X [$0732] = $0000      A:00E5 X:0032 Y:0017 S:00EF P:Nv--dIzC V:6   H:132 BC:9D 00 07
EB69  INX                              A:00E5 X:0032 Y:0017 S:00EF P:Nv--dIzC V:6   H:147 BC:E8
EB6A  BNE $EB63                        A:00E5 X:0033 Y:0017 S:00EF P:nv--dIzC V:6   H:153 BC:D0 F7
EB63  LDA $EB6F,X [$EBA2] = $000A      A:00E5 X:0033 Y:0017 S:00EF P:nv--dIzC V:6   H:162 BC:BD 6F EB
EB66  STA $0700,X [$0733] = $0000      A:000A X:0033 Y:0017 S:00EF P:nv--dIzC V:6   H:174 BC:9D 00 07
EB69  INX                              A:000A X:0033 Y:0017 S:00EF P:nv--dIzC V:6   H:189 BC:E8
EB6A  BNE $EB63                        A:000A X:0034 Y:0017 S:00EF P:nv--dIzC V:6   H:195 BC:D0 F7
EB63  LDA $EB6F,X [$EBA3] = $0057      A:000A X:0034 Y:0017 S:00EF P:nv--dIzC V:6   H:204 BC:BD 6F EB
EB66  STA $0700,X [$0734] = $0000      A:0057 X:0034 Y:0017 S:00EF P:nv--dIzC V:6   H:216 BC:9D 00 07
EB69  INX                              A:0057 X:0034 Y:0017 S:00EF P:nv--dIzC V:6   H:231 BC:E8
EB6A  BNE $EB63                        A:0057 X:0035 Y:0017 S:00EF P:nv--dIzC V:6   H:237 BC:D0 F7
EB63  LDA $EB6F,X [$EBA4] = $0068      A:0057 X:0035 Y:0017 S:00EF P:nv--dIzC V:6   H:246 BC:BD 6F EB
EB66  STA $0700,X [$0735] = $0000      A:0068 X:0035 Y:0017 S:00EF P:nv--dIzC V:6   H:258 BC:9D 00 07
EB69  INX                              A:0068 X:0035 Y:0017 S:00EF P:nv--dIzC V:6   H:273 BC:E8
EB6A  BNE $EB63                        A:0068 X:0036 Y:0017 S:00EF P:nv--dIzC V:6   H:279 BC:D0 F7
EB63  LDA $EB6F,X [$EBA5] = $0069      A:0068 X:0036 Y:0017 S:00EF P:nv--dIzC V:6   H:288 BC:BD 6F EB
EB66  STA $0700,X [$0736] = $0000      A:0069 X:0036 Y:0017 S:00EF P:nv--dIzC V:6   H:300 BC:9D 00 07
EB69  INX                              A:0069 X:0036 Y:0017 S:00EF P:nv--dIzC V:6   H:315 BC:E8
EB6A  BNE $EB63                        A:0069 X:0037 Y:0017 S:00EF P:nv--dIzC V:6   H:321 BC:D0 F7
EB63  LDA $EB6F,X [$EBA6] = $006C      A:0069 X:0037 Y:0017 S:00EF P:nv--dIzC V:6   H:330 BC:BD 6F EB
EB66  STA $0700,X [$0737] = $0000      A:006C X:0037 Y:0017 S:00EF P:nv--dIzC V:7   H:1   BC:9D 00 07
EB69  INX                              A:006C X:0037 Y:0017 S:00EF P:nv--dIzC V:7   H:16  BC:E8
EB6A  BNE $EB63                        A:006C X:0038 Y:0017 S:00EF P:nv--dIzC V:7   H:22  BC:D0 F7
EB63  LDA $EB6F,X [$EBA7] = $0065      A:006C X:0038 Y:0017 S:00EF P:nv--dIzC V:7   H:31  BC:BD 6F EB
EB66  STA $0700,X [$0738] = $0000      A:0065 X:0038 Y:0017 S:00EF P:nv--dIzC V:7   H:43  BC:9D 00 07
EB69  INX                              A:0065 X:0038 Y:0017 S:00EF P:nv--dIzC V:7   H:58  BC:E8
EB6A  BNE $EB63                        A:0065 X:0039 Y:0017 S:00EF P:nv--dIzC V:7   H:64  BC:D0 F7
EB63  LDA $EB6F,X [$EBA8] = $0020      A:0065 X:0039 Y:0017 S:00EF P:nv--dIzC V:7   H:73  BC:BD 6F EB
EB66  STA $0700,X [$0739] = $0000      A:0020 X:0039 Y:0017 S:00EF P:nv--dIzC V:7   H:85  BC:9D 00 07
EB69  INX                              A:0020 X:0039 Y:0017 S:00EF P:nv--dIzC V:7   H:100 BC:E8
EB6A  BNE $EB63                        A:0020 X:003A Y:0017 S:00EF P:nv--dIzC V:7   H:106 BC:D0 F7
EB63  LDA $EB6F,X [$EBA9] = $0072      A:0020 X:003A Y:0017 S:00EF P:nv--dIzC V:7   H:115 BC:BD 6F EB
EB66  STA $0700,X [$073A] = $0000      A:0072 X:003A Y:0017 S:00EF P:nv--dIzC V:7   H:127 BC:9D 00 07
EB69  INX                              A:0072 X:003A Y:0017 S:00EF P:nv--dIzC V:7   H:142 BC:E8
EB6A  BNE $EB63                        A:0072 X:003B Y:0017 S:00EF P:nv--dIzC V:7   H:148 BC:D0 F7
EB63  LDA $EB6F,X [$EBAA] = $0075      A:0072 X:003B Y:0017 S:00EF P:nv--dIzC V:7   H:157 BC:BD 6F EB
EB66  STA $0700,X [$073B] = $0000      A:0075 X:003B Y:0017 S:00EF P:nv--dIzC V:7   H:169 BC:9D 00 07
EB69  INX                              A:0075 X:003B Y:0017 S:00EF P:nv--dIzC V:7   H:184 BC:E8
EB6A  BNE $EB63                        A:0075 X:003C Y:0017 S:00EF P:nv--dIzC V:7   H:190 BC:D0 F7
EB63  LDA $EB6F,X [$EBAB] = $006E      A:0075 X:003C Y:0017 S:00EF P:nv--dIzC V:7   H:199 BC:BD 6F EB
EB66  STA $0700,X [$073C] = $0000      A:006E X:003C Y:0017 S:00EF P:nv--dIzC V:7   H:211 BC:9D 00 07
EB69  INX                              A:006E X:003C Y:0017 S:00EF P:nv--dIzC V:7   H:226 BC:E8
EB6A  BNE $EB63                        A:006E X:003D Y:0017 S:00EF P:nv--dIzC V:7   H:232 BC:D0 F7
EB63  LDA $EB6F,X [$EBAC] = $006E      A:006E X:003D Y:0017 S:00EF P:nv--dIzC V:7   H:241 BC:BD 6F EB
EB66  STA $0700,X [$073D] = $0000      A:006E X:003D Y:0017 S:00EF P:nv--dIzC V:7   H:253 BC:9D 00 07
EB69  INX                              A:006E X:003D Y:0017 S:00EF P:nv--dIzC V:7   H:268 BC:E8
EB6A  BNE $EB63                        A:006E X:003E Y:0017 S:00EF P:nv--dIzC V:7   H:274 BC:D0 F7
EB63  LDA $EB6F,X [$EBAD] = $0069      A:006E X:003E Y:0017 S:00EF P:nv--dIzC V:7   H:283 BC:BD 6F EB
EB66  STA $0700,X [$073E] = $0000      A:0069 X:003E Y:0017 S:00EF P:nv--dIzC V:7   H:295 BC:9D 00 07
EB69  INX                              A:0069 X:003E Y:0017 S:00EF P:nv--dIzC V:7   H:310 BC:E8
EB6A  BNE $EB63                        A:0069 X:003F Y:0017 S:00EF P:nv--dIzC V:7   H:316 BC:D0 F7
EB63  LDA $EB6F,X [$EBAE] = $006E      A:0069 X:003F Y:0017 S:00EF P:nv--dIzC V:7   H:325 BC:BD 6F EB
EB66  STA $0700,X [$073F] = $0000      A:006E X:003F Y:0017 S:00EF P:nv--dIzC V:7   H:337 BC:9D 00 07
EB69  INX                              A:006E X:003F Y:0017 S:00EF P:nv--dIzC V:8   H:11  BC:E8
EB6A  BNE $EB63                        A:006E X:0040 Y:0017 S:00EF P:nv--dIzC V:8   H:17  BC:D0 F7
EB63  LDA $EB6F,X [$EBAF] = $0067      A:006E X:0040 Y:0017 S:00EF P:nv--dIzC V:8   H:26  BC:BD 6F EB
EB66  STA $0700,X [$0740] = $0000      A:0067 X:0040 Y:0017 S:00EF P:nv--dIzC V:8   H:38  BC:9D 00 07
EB69  INX                              A:0067 X:0040 Y:0017 S:00EF P:nv--dIzC V:8   H:53  BC:E8
EB6A  BNE $EB63                        A:0067 X:0041 Y:0017 S:00EF P:nv--dIzC V:8   H:59  BC:D0 F7
EB63  LDA $EB6F,X [$EBB0] = $0020      A:0067 X:0041 Y:0017 S:00EF P:nv--dIzC V:8   H:68  BC:BD 6F EB
EB66  STA $0700,X [$0741] = $0000      A:0020 X:0041 Y:0017 S:00EF P:nv--dIzC V:8   H:80  BC:9D 00 07
EB69  INX                              A:0020 X:0041 Y:0017 S:00EF P:nv--dIzC V:8   H:95  BC:E8
EB6A  BNE $EB63                        A:0020 X:0042 Y:0017 S:00EF P:nv--dIzC V:8   H:101 BC:D0 F7
EB63  LDA $EB6F,X [$EBB1] = $0074      A:0020 X:0042 Y:0017 S:00EF P:nv--dIzC V:8   H:110 BC:BD 6F EB
EB66  STA $0700,X [$0742] = $0000      A:0074 X:0042 Y:0017 S:00EF P:nv--dIzC V:8   H:122 BC:9D 00 07
EB69  INX                              A:0074 X:0042 Y:0017 S:00EF P:nv--dIzC V:8   H:137 BC:E8
EB6A  BNE $EB63                        A:0074 X:0043 Y:0017 S:00EF P:nv--dIzC V:8   H:143 BC:D0 F7
EB63  LDA $EB6F,X [$EBB2] = $0065      A:0074 X:0043 Y:0017 S:00EF P:nv--dIzC V:8   H:152 BC:BD 6F EB
EB66  STA $0700,X [$0743] = $0000      A:0065 X:0043 Y:0017 S:00EF P:nv--dIzC V:8   H:164 BC:9D 00 07
EB69  INX                              A:0065 X:0043 Y:0017 S:00EF P:nv--dIzC V:8   H:179 BC:E8
EB6A  BNE $EB63                        A:0065 X:0044 Y:0017 S:00EF P:nv--dIzC V:8   H:185 BC:D0 F7
EB63  LDA $EB6F,X [$EBB3] = $0073      A:0065 X:0044 Y:0017 S:00EF P:nv--dIzC V:8   H:194 BC:BD 6F EB
EB66  STA $0700,X [$0744] = $0000      A:0073 X:0044 Y:0017 S:00EF P:nv--dIzC V:8   H:206 BC:9D 00 07
EB69  INX                              A:0073 X:0044 Y:0017 S:00EF P:nv--dIzC V:8   H:221 BC:E8
EB6A  BNE $EB63                        A:0073 X:0045 Y:0017 S:00EF P:nv--dIzC V:8   H:227 BC:D0 F7
EB63  LDA $EB6F,X [$EBB4] = $0074      A:0073 X:0045 Y:0017 S:00EF P:nv--dIzC V:8   H:236 BC:BD 6F EB
EB66  STA $0700,X [$0745] = $0000      A:0074 X:0045 Y:0017 S:00EF P:nv--dIzC V:8   H:248 BC:9D 00 07
EB69  INX                              A:0074 X:0045 Y:0017 S:00EF P:nv--dIzC V:8   H:263 BC:E8
EB6A  BNE $EB63                        A:0074 X:0046 Y:0017 S:00EF P:nv--dIzC V:8   H:269 BC:D0 F7
EB63  LDA $EB6F,X [$EBB5] = $0020      A:0074 X:0046 Y:0017 S:00EF P:nv--dIzC V:8   H:278 BC:BD 6F EB
EB66  STA $0700,X [$0746] = $0000      A:0020 X:0046 Y:0017 S:00EF P:nv--dIzC V:8   H:290 BC:9D 00 07
EB69  INX                              A:0020 X:0046 Y:0017 S:00EF P:nv--dIzC V:8   H:305 BC:E8
EB6A  BNE $EB63                        A:0020 X:0047 Y:0017 S:00EF P:nv--dIzC V:8   H:311 BC:D0 F7
EB63  LDA $EB6F,X [$EBB6] = $0000      A:0020 X:0047 Y:0017 S:00EF P:nv--dIzC V:8   H:320 BC:BD 6F EB
EB66  STA $0700,X [$0747] = $0000      A:0000 X:0047 Y:0017 S:00EF P:nv--dIZC V:8   H:332 BC:9D 00 07
EB69  INX                              A:0000 X:0047 Y:0017 S:00EF P:nv--dIZC V:9   H:6   BC:E8
EB6A  BNE $EB63                        A:0000 X:0048 Y:0017 S:00EF P:nv--dIzC V:9   H:12  BC:D0 F7
EB63  LDA $EB6F,X [$EBB7] = $0020      A:0000 X:0048 Y:0017 S:00EF P:nv--dIzC V:9   H:21  BC:BD 6F EB
EB66  STA $0700,X [$0748] = $0000      A:0020 X:0048 Y:0017 S:00EF P:nv--dIzC V:9   H:33  BC:9D 00 07
EB69  INX                              A:0020 X:0048 Y:0017 S:00EF P:nv--dIzC V:9   H:48  BC:E8
EB6A  BNE $EB63                        A:0020 X:0049 Y:0017 S:00EF P:nv--dIzC V:9   H:54  BC:D0 F7
EB63  LDA $EB6F,X [$EBB8] = $003B      A:0020 X:0049 Y:0017 S:00EF P:nv--dIzC V:9   H:63  BC:BD 6F EB
EB66  STA $0700,X [$0749] = $0000      A:003B X:0049 Y:0017 S:00EF P:nv--dIzC V:9   H:75  BC:9D 00 07
EB69  INX                              A:003B X:0049 Y:0017 S:00EF P:nv--dIzC V:9   H:90  BC:E8
EB6A  BNE $EB63                        A:003B X:004A Y:0017 S:00EF P:nv--dIzC V:9   H:96  BC:D0 F7
EB63  LDA $EB6F,X [$EBB9] = $00EC      A:003B X:004A Y:0017 S:00EF P:nv--dIzC V:9   H:105 BC:BD 6F EB
EB66  STA $0700,X [$074A] = $0000      A:00EC X:004A Y:0017 S:00EF P:Nv--dIzC V:9   H:117 BC:9D 00 07
EB69  INX                              A:00EC X:004A Y:0017 S:00EF P:Nv--dIzC V:9   H:132 BC:E8
EB6A  BNE $EB63                        A:00EC X:004B Y:0017 S:00EF P:nv--dIzC V:9   H:138 BC:D0 F7
EB63  LDA $EB6F,X [$EBBA] = $00A9      A:00EC X:004B Y:0017 S:00EF P:nv--dIzC V:9   H:147 BC:BD 6F EB
EB66  STA $0700,X [$074B] = $0000      A:00A9 X:004B Y:0017 S:00EF P:Nv--dIzC V:9   H:159 BC:9D 00 07
EB69  INX                              A:00A9 X:004B Y:0017 S:00EF P:Nv--dIzC V:9   H:174 BC:E8
EB6A  BNE $EB63                        A:00A9 X:004C Y:0017 S:00EF P:nv--dIzC V:9   H:180 BC:D0 F7
EB63  LDA $EB6F,X [$EBBB] = $0001      A:00A9 X:004C Y:0017 S:00EF P:nv--dIzC V:9   H:189 BC:BD 6F EB
EB66  STA $0700,X [$074C] = $0000      A:0001 X:004C Y:0017 S:00EF P:nv--dIzC V:9   H:201 BC:9D 00 07
EB69  INX                              A:0001 X:004C Y:0017 S:00EF P:nv--dIzC V:9   H:216 BC:E8
EB6A  BNE $EB63                        A:0001 X:004D Y:0017 S:00EF P:nv--dIzC V:9   H:222 BC:D0 F7
EB63  LDA $EB6F,X [$EBBC] = $004C      A:0001 X:004D Y:0017 S:00EF P:nv--dIzC V:9   H:231 BC:BD 6F EB
EB66  STA $0700,X [$074D] = $0000      A:004C X:004D Y:0017 S:00EF P:nv--dIzC V:9   H:243 BC:9D 00 07
EB69  INX                              A:004C X:004D Y:0017 S:00EF P:nv--dIzC V:9   H:258 BC:E8
EB6A  BNE $EB63                        A:004C X:004E Y:0017 S:00EF P:nv--dIzC V:9   H:264 BC:D0 F7
EB63  LDA $EB6F,X [$EBBD] = $0051      A:004C X:004E Y:0017 S:00EF P:nv--dIzC V:9   H:273 BC:BD 6F EB
EB66  STA $0700,X [$074E] = $0000      A:0051 X:004E Y:0017 S:00EF P:nv--dIzC V:9   H:285 BC:9D 00 07
EB69  INX                              A:0051 X:004E Y:0017 S:00EF P:nv--dIzC V:9   H:300 BC:E8
EB6A  BNE $EB63                        A:0051 X:004F Y:0017 S:00EF P:nv--dIzC V:9   H:306 BC:D0 F7
EB63  LDA $EB6F,X [$EBBE] = $00EC      A:0051 X:004F Y:0017 S:00EF P:nv--dIzC V:9   H:315 BC:BD 6F EB
EB66  STA $0700,X [$074F] = $0000      A:00EC X:004F Y:0017 S:00EF P:Nv--dIzC V:9   H:327 BC:9D 00 07
EB69  INX                              A:00EC X:004F Y:0017 S:00EF P:Nv--dIzC V:10  H:1   BC:E8
EB6A  BNE $EB63                        A:00EC X:0050 Y:0017 S:00EF P:nv--dIzC V:10  H:7   BC:D0 F7
EB63  LDA $EB6F,X [$EBBF] = $0020      A:00EC X:0050 Y:0017 S:00EF P:nv--dIzC V:10  H:16  BC:BD 6F EB
EB66  STA $0700,X [$0750] = $0000      A:0020 X:0050 Y:0017 S:00EF P:nv--dIzC V:10  H:28  BC:9D 00 07
EB69  INX                              A:0020 X:0050 Y:0017 S:00EF P:nv--dIzC V:10  H:43  BC:E8
EB6A  BNE $EB63                        A:0020 X:0051 Y:0017 S:00EF P:nv--dIzC V:10  H:49  BC:D0 F7
EB63  LDA $EB6F,X [$EBC0] = $00A2      A:0020 X:0051 Y:0017 S:00EF P:nv--dIzC V:10  H:58  BC:BD 6F EB
EB66  STA $0700,X [$0751] = $0000      A:00A2 X:0051 Y:0017 S:00EF P:Nv--dIzC V:10  H:70  BC:9D 00 07
EB69  INX                              A:00A2 X:0051 Y:0017 S:00EF P:Nv--dIzC V:10  H:85  BC:E8
EB6A  BNE $EB63                        A:00A2 X:0052 Y:0017 S:00EF P:nv--dIzC V:10  H:91  BC:D0 F7
EB63  LDA $EB6F,X [$EBC1] = $00E6      A:00A2 X:0052 Y:0017 S:00EF P:nv--dIzC V:10  H:100 BC:BD 6F EB
EB66  STA $0700,X [$0752] = $0000      A:00E6 X:0052 Y:0017 S:00EF P:Nv--dIzC V:10  H:112 BC:9D 00 07
EB69  INX                              A:00E6 X:0052 Y:0017 S:00EF P:Nv--dIzC V:10  H:127 BC:E8
EB6A  BNE $EB63                        A:00E6 X:0053 Y:0017 S:00EF P:nv--dIzC V:10  H:133 BC:D0 F7
EB63  LDA $EB6F,X [$EBC2] = $00EE      A:00E6 X:0053 Y:0017 S:00EF P:nv--dIzC V:10  H:142 BC:BD 6F EB
EB66  STA $0700,X [$0753] = $0000      A:00EE X:0053 Y:0017 S:00EF P:Nv--dIzC V:10  H:154 BC:9D 00 07
EB69  INX                              A:00EE X:0053 Y:0017 S:00EF P:Nv--dIzC V:10  H:169 BC:E8
EB6A  BNE $EB63                        A:00EE X:0054 Y:0017 S:00EF P:nv--dIzC V:10  H:175 BC:D0 F7
EB63  LDA $EB6F,X [$EBC3] = $0024      A:00EE X:0054 Y:0017 S:00EF P:nv--dIzC V:10  H:184 BC:BD 6F EB
EB66  STA $0700,X [$0754] = $0000      A:0024 X:0054 Y:0017 S:00EF P:nv--dIzC V:10  H:196 BC:9D 00 07
EB69  INX                              A:0024 X:0054 Y:0017 S:00EF P:nv--dIzC V:10  H:211 BC:E8
EB6A  BNE $EB63                        A:0024 X:0055 Y:0017 S:00EF P:nv--dIzC V:10  H:217 BC:D0 F7
EB63  LDA $EB6F,X [$EBC4] = $0002      A:0024 X:0055 Y:0017 S:00EF P:nv--dIzC V:10  H:226 BC:BD 6F EB
EB66  STA $0700,X [$0755] = $0000      A:0002 X:0055 Y:0017 S:00EF P:nv--dIzC V:10  H:238 BC:9D 00 07
EB69  INX                              A:0002 X:0055 Y:0017 S:00EF P:nv--dIzC V:10  H:253 BC:E8
EB6A  BNE $EB63                        A:0002 X:0056 Y:0017 S:00EF P:nv--dIzC V:10  H:259 BC:D0 F7
EB63  LDA $EB6F,X [$EBC5] = $00AD      A:0002 X:0056 Y:0017 S:00EF P:nv--dIzC V:10  H:268 BC:BD 6F EB
EB66  STA $0700,X [$0756] = $0000      A:00AD X:0056 Y:0017 S:00EF P:Nv--dIzC V:10  H:280 BC:9D 00 07
EB69  INX                              A:00AD X:0056 Y:0017 S:00EF P:Nv--dIzC V:10  H:295 BC:E8
EB6A  BNE $EB63                        A:00AD X:0057 Y:0017 S:00EF P:nv--dIzC V:10  H:301 BC:D0 F7
EB63  LDA $EB6F,X [$EBC6] = $0024      A:00AD X:0057 Y:0017 S:00EF P:nv--dIzC V:10  H:310 BC:BD 6F EB
EB66  STA $0700,X [$0757] = $0000      A:0024 X:0057 Y:0017 S:00EF P:nv--dIzC V:10  H:322 BC:9D 00 07
EB69  INX                              A:0024 X:0057 Y:0017 S:00EF P:nv--dIzC V:10  H:337 BC:E8
EB6A  BNE $EB63                        A:0024 X:0058 Y:0017 S:00EF P:nv--dIzC V:11  H:2   BC:D0 F7
EB63  LDA $EB6F,X [$EBC7] = $0002      A:0024 X:0058 Y:0017 S:00EF P:nv--dIzC V:11  H:11  BC:BD 6F EB
EB66  STA $0700,X [$0758] = $0000      A:0002 X:0058 Y:0017 S:00EF P:nv--dIzC V:11  H:23  BC:9D 00 07
EB69  INX                              A:0002 X:0058 Y:0017 S:00EF P:nv--dIzC V:11  H:38  BC:E8
EB6A  BNE $EB63                        A:0002 X:0059 Y:0017 S:00EF P:nv--dIzC V:11  H:44  BC:D0 F7
EB63  LDA $EB6F,X [$EBC8] = $00C9      A:0002 X:0059 Y:0017 S:00EF P:nv--dIzC V:11  H:53  BC:BD 6F EB
EB66  STA $0700,X [$0759] = $0000      A:00C9 X:0059 Y:0017 S:00EF P:Nv--dIzC V:11  H:65  BC:9D 00 07
EB69  INX                              A:00C9 X:0059 Y:0017 S:00EF P:Nv--dIzC V:11  H:80  BC:E8
EB6A  BNE $EB63                        A:00C9 X:005A Y:0017 S:00EF P:nv--dIzC V:11  H:86  BC:D0 F7
EB63  LDA $EB6F,X [$EBC9] = $0010      A:00C9 X:005A Y:0017 S:00EF P:nv--dIzC V:11  H:95  BC:BD 6F EB
EB66  STA $0700,X [$075A] = $0000      A:0010 X:005A Y:0017 S:00EF P:nv--dIzC V:11  H:107 BC:9D 00 07
EB69  INX                              A:0010 X:005A Y:0017 S:00EF P:nv--dIzC V:11  H:122 BC:E8
EB6A  BNE $EB63                        A:0010 X:005B Y:0017 S:00EF P:nv--dIzC V:11  H:128 BC:D0 F7
EB63  LDA $EB6F,X [$EBCA] = $00F0      A:0010 X:005B Y:0017 S:00EF P:nv--dIzC V:11  H:137 BC:BD 6F EB
EB66  STA $0700,X [$075B] = $0000      A:00F0 X:005B Y:0017 S:00EF P:Nv--dIzC V:11  H:149 BC:9D 00 07
EB69  INX                              A:00F0 X:005B Y:0017 S:00EF P:Nv--dIzC V:11  H:164 BC:E8
EB6A  BNE $EB63                        A:00F0 X:005C Y:0017 S:00EF P:nv--dIzC V:11  H:170 BC:D0 F7
EB63  LDA $EB6F,X [$EBCB] = $004D      A:00F0 X:005C Y:0017 S:00EF P:nv--dIzC V:11  H:179 BC:BD 6F EB
EB66  STA $0700,X [$075C] = $0000      A:004D X:005C Y:0017 S:00EF P:nv--dIzC V:11  H:191 BC:9D 00 07
EB69  INX                              A:004D X:005C Y:0017 S:00EF P:nv--dIzC V:11  H:206 BC:E8
EB6A  BNE $EB63                        A:004D X:005D Y:0017 S:00EF P:nv--dIzC V:11  H:212 BC:D0 F7
EB63  LDA $EB6F,X [$EBCC] = $0020      A:004D X:005D Y:0017 S:00EF P:nv--dIzC V:11  H:221 BC:BD 6F EB
EB66  STA $0700,X [$075D] = $0000      A:0020 X:005D Y:0017 S:00EF P:nv--dIzC V:11  H:233 BC:9D 00 07
EB69  INX                              A:0020 X:005D Y:0017 S:00EF P:nv--dIzC V:11  H:248 BC:E8
EB6A  BNE $EB63                        A:0020 X:005E Y:0017 S:00EF P:nv--dIzC V:11  H:254 BC:D0 F7
EB63  LDA $EB6F,X [$EBCD] = $0001      A:0020 X:005E Y:0017 S:00EF P:nv--dIzC V:11  H:263 BC:BD 6F EB
EB66  STA $0700,X [$075E] = $0000      A:0001 X:005E Y:0017 S:00EF P:nv--dIzC V:11  H:275 BC:9D 00 07
EB69  INX                              A:0001 X:005E Y:0017 S:00EF P:nv--dIzC V:11  H:290 BC:E8
EB6A  BNE $EB63                        A:0001 X:005F Y:0017 S:00EF P:nv--dIzC V:11  H:296 BC:D0 F7
EB63  LDA $EB6F,X [$EBCE] = $00E5      A:0001 X:005F Y:0017 S:00EF P:nv--dIzC V:11  H:305 BC:BD 6F EB
EB66  STA $0700,X [$075F] = $0000      A:00E5 X:005F Y:0017 S:00EF P:Nv--dIzC V:11  H:317 BC:9D 00 07
EB69  INX                              A:00E5 X:005F Y:0017 S:00EF P:Nv--dIzC V:11  H:332 BC:E8
EB6A  BNE $EB63                        A:00E5 X:0060 Y:0017 S:00EF P:nv--dIzC V:11  H:338 BC:D0 F7
EB63  LDA $EB6F,X [$EBCF] = $0052      A:00E5 X:0060 Y:0017 S:00EF P:nv--dIzC V:12  H:6   BC:BD 6F EB
EB66  STA $0700,X [$0760] = $0000      A:0052 X:0060 Y:0017 S:00EF P:nv--dIzC V:12  H:18  BC:9D 00 07
EB69  INX                              A:0052 X:0060 Y:0017 S:00EF P:nv--dIzC V:12  H:33  BC:E8
EB6A  BNE $EB63                        A:0052 X:0061 Y:0017 S:00EF P:nv--dIzC V:12  H:39  BC:D0 F7
EB63  LDA $EB6F,X [$EBD0] = $0075      A:0052 X:0061 Y:0017 S:00EF P:nv--dIzC V:12  H:48  BC:BD 6F EB
EB66  STA $0700,X [$0761] = $0000      A:0075 X:0061 Y:0017 S:00EF P:nv--dIzC V:12  H:60  BC:9D 00 07
EB69  INX                              A:0075 X:0061 Y:0017 S:00EF P:nv--dIzC V:12  H:75  BC:E8
EB6A  BNE $EB63                        A:0075 X:0062 Y:0017 S:00EF P:nv--dIzC V:12  H:81  BC:D0 F7
EB63  LDA $EB6F,X [$EBD1] = $006E      A:0075 X:0062 Y:0017 S:00EF P:nv--dIzC V:12  H:90  BC:BD 6F EB
EB66  STA $0700,X [$0762] = $0000      A:006E X:0062 Y:0017 S:00EF P:nv--dIzC V:12  H:102 BC:9D 00 07
EB69  INX                              A:006E X:0062 Y:0017 S:00EF P:nv--dIzC V:12  H:117 BC:E8
EB6A  BNE $EB63                        A:006E X:0063 Y:0017 S:00EF P:nv--dIzC V:12  H:123 BC:D0 F7
EB63  LDA $EB6F,X [$EBD2] = $006E      A:006E X:0063 Y:0017 S:00EF P:nv--dIzC V:12  H:132 BC:BD 6F EB
EB66  STA $0700,X [$0763] = $0000      A:006E X:0063 Y:0017 S:00EF P:nv--dIzC V:12  H:144 BC:9D 00 07
EB69  INX                              A:006E X:0063 Y:0017 S:00EF P:nv--dIzC V:12  H:159 BC:E8
EB6A  BNE $EB63                        A:006E X:0064 Y:0017 S:00EF P:nv--dIzC V:12  H:165 BC:D0 F7
EB63  LDA $EB6F,X [$EBD3] = $0069      A:006E X:0064 Y:0017 S:00EF P:nv--dIzC V:12  H:174 BC:BD 6F EB
EB66  STA $0700,X [$0764] = $0000      A:0069 X:0064 Y:0017 S:00EF P:nv--dIzC V:12  H:186 BC:9D 00 07
EB69  INX                              A:0069 X:0064 Y:0017 S:00EF P:nv--dIzC V:12  H:201 BC:E8
EB6A  BNE $EB63                        A:0069 X:0065 Y:0017 S:00EF P:nv--dIzC V:12  H:207 BC:D0 F7
EB63  LDA $EB6F,X [$EBD4] = $006E      A:0069 X:0065 Y:0017 S:00EF P:nv--dIzC V:12  H:216 BC:BD 6F EB
EB66  STA $0700,X [$0765] = $0000      A:006E X:0065 Y:0017 S:00EF P:nv--dIzC V:12  H:228 BC:9D 00 07
EB69  INX                              A:006E X:0065 Y:0017 S:00EF P:nv--dIzC V:12  H:243 BC:E8
EB6A  BNE $EB63                        A:006E X:0066 Y:0017 S:00EF P:nv--dIzC V:12  H:249 BC:D0 F7
EB63  LDA $EB6F,X [$EBD5] = $0067      A:006E X:0066 Y:0017 S:00EF P:nv--dIzC V:12  H:258 BC:BD 6F EB
EB66  STA $0700,X [$0766] = $0000      A:0067 X:0066 Y:0017 S:00EF P:nv--dIzC V:12  H:270 BC:9D 00 07
EB69  INX                              A:0067 X:0066 Y:0017 S:00EF P:nv--dIzC V:12  H:285 BC:E8
EB6A  BNE $EB63                        A:0067 X:0067 Y:0017 S:00EF P:nv--dIzC V:12  H:291 BC:D0 F7
EB63  LDA $EB6F,X [$EBD6] = $0020      A:0067 X:0067 Y:0017 S:00EF P:nv--dIzC V:12  H:300 BC:BD 6F EB
EB66  STA $0700,X [$0767] = $0000      A:0020 X:0067 Y:0017 S:00EF P:nv--dIzC V:12  H:312 BC:9D 00 07
EB69  INX                              A:0020 X:0067 Y:0017 S:00EF P:nv--dIzC V:12  H:327 BC:E8
EB6A  BNE $EB63                        A:0020 X:0068 Y:0017 S:00EF P:nv--dIzC V:12  H:333 BC:D0 F7
EB63  LDA $EB6F,X [$EBD7] = $0074      A:0020 X:0068 Y:0017 S:00EF P:nv--dIzC V:13  H:1   BC:BD 6F EB
EB66  STA $0700,X [$0768] = $0000      A:0074 X:0068 Y:0017 S:00EF P:nv--dIzC V:13  H:13  BC:9D 00 07
EB69  INX                              A:0074 X:0068 Y:0017 S:00EF P:nv--dIzC V:13  H:28  BC:E8
EB6A  BNE $EB63                        A:0074 X:0069 Y:0017 S:00EF P:nv--dIzC V:13  H:34  BC:D0 F7
EB63  LDA $EB6F,X [$EBD8] = $0065      A:0074 X:0069 Y:0017 S:00EF P:nv--dIzC V:13  H:43  BC:BD 6F EB
EB66  STA $0700,X [$0769] = $0000      A:0065 X:0069 Y:0017 S:00EF P:nv--dIzC V:13  H:55  BC:9D 00 07
EB69  INX                              A:0065 X:0069 Y:0017 S:00EF P:nv--dIzC V:13  H:70  BC:E8
EB6A  BNE $EB63                        A:0065 X:006A Y:0017 S:00EF P:nv--dIzC V:13  H:76  BC:D0 F7
EB63  LDA $EB6F,X [$EBD9] = $0073      A:0065 X:006A Y:0017 S:00EF P:nv--dIzC V:13  H:85  BC:BD 6F EB
EB66  STA $0700,X [$076A] = $0000      A:0073 X:006A Y:0017 S:00EF P:nv--dIzC V:13  H:97  BC:9D 00 07
EB69  INX                              A:0073 X:006A Y:0017 S:00EF P:nv--dIzC V:13  H:112 BC:E8
EB6A  BNE $EB63                        A:0073 X:006B Y:0017 S:00EF P:nv--dIzC V:13  H:118 BC:D0 F7
EB63  LDA $EB6F,X [$EBDA] = $0074      A:0073 X:006B Y:0017 S:00EF P:nv--dIzC V:13  H:127 BC:BD 6F EB
EB66  STA $0700,X [$076B] = $0000      A:0074 X:006B Y:0017 S:00EF P:nv--dIzC V:13  H:139 BC:9D 00 07
EB69  INX                              A:0074 X:006B Y:0017 S:00EF P:nv--dIzC V:13  H:154 BC:E8
EB6A  BNE $EB63                        A:0074 X:006C Y:0017 S:00EF P:nv--dIzC V:13  H:160 BC:D0 F7
EB63  LDA $EB6F,X [$EBDB] = $0020      A:0074 X:006C Y:0017 S:00EF P:nv--dIzC V:13  H:169 BC:BD 6F EB
EB66  STA $0700,X [$076C] = $0000      A:0020 X:006C Y:0017 S:00EF P:nv--dIzC V:13  H:181 BC:9D 00 07
EB69  INX                              A:0020 X:006C Y:0017 S:00EF P:nv--dIzC V:13  H:196 BC:E8
EB6A  BNE $EB63                        A:0020 X:006D Y:0017 S:00EF P:nv--dIzC V:13  H:202 BC:D0 F7
EB63  LDA $EB6F,X [$EBDC] = $0000      A:0020 X:006D Y:0017 S:00EF P:nv--dIzC V:13  H:211 BC:BD 6F EB
EB66  STA $0700,X [$076D] = $0000      A:0000 X:006D Y:0017 S:00EF P:nv--dIZC V:13  H:223 BC:9D 00 07
EB69  INX                              A:0000 X:006D Y:0017 S:00EF P:nv--dIZC V:13  H:238 BC:E8
EB6A  BNE $EB63                        A:0000 X:006E Y:0017 S:00EF P:nv--dIzC V:13  H:244 BC:D0 F7
EB63  LDA $EB6F,X [$EBDD] = $0020      A:0000 X:006E Y:0017 S:00EF P:nv--dIzC V:13  H:253 BC:BD 6F EB
EB66  STA $0700,X [$076E] = $0000      A:0020 X:006E Y:0017 S:00EF P:nv--dIzC V:13  H:265 BC:9D 00 07
EB69  INX                              A:0020 X:006E Y:0017 S:00EF P:nv--dIzC V:13  H:280 BC:E8
EB6A  BNE $EB63                        A:0020 X:006F Y:0017 S:00EF P:nv--dIzC V:13  H:286 BC:D0 F7
EB63  LDA $EB6F,X [$EBDE] = $003B      A:0020 X:006F Y:0017 S:00EF P:nv--dIzC V:13  H:295 BC:BD 6F EB
EB66  STA $0700,X [$076F] = $0000      A:003B X:006F Y:0017 S:00EF P:nv--dIzC V:13  H:307 BC:9D 00 07
EB69  INX                              A:003B X:006F Y:0017 S:00EF P:nv--dIzC V:13  H:322 BC:E8
EB6A  BNE $EB63                        A:003B X:0070 Y:0017 S:00EF P:nv--dIzC V:13  H:328 BC:D0 F7
EB63  LDA $EB6F,X [$EBDF] = $00EC      A:003B X:0070 Y:0017 S:00EF P:nv--dIzC V:13  H:337 BC:BD 6F EB
EB66  STA $0700,X [$0770] = $0000      A:00EC X:0070 Y:0017 S:00EF P:Nv--dIzC V:14  H:8   BC:9D 00 07
EB69  INX                              A:00EC X:0070 Y:0017 S:00EF P:Nv--dIzC V:14  H:23  BC:E8
EB6A  BNE $EB63                        A:00EC X:0071 Y:0017 S:00EF P:nv--dIzC V:14  H:29  BC:D0 F7
EB63  LDA $EB6F,X [$EBE0] = $00A9      A:00EC X:0071 Y:0017 S:00EF P:nv--dIzC V:14  H:38  BC:BD 6F EB
EB66  STA $0700,X [$0771] = $0000      A:00A9 X:0071 Y:0017 S:00EF P:Nv--dIzC V:14  H:50  BC:9D 00 07
EB69  INX                              A:00A9 X:0071 Y:0017 S:00EF P:Nv--dIzC V:14  H:65  BC:E8
EB6A  BNE $EB63                        A:00A9 X:0072 Y:0017 S:00EF P:nv--dIzC V:14  H:71  BC:D0 F7
EB63  LDA $EB6F,X [$EBE1] = $0030      A:00A9 X:0072 Y:0017 S:00EF P:nv--dIzC V:14  H:80  BC:BD 6F EB
EB66  STA $0700,X [$0772] = $0000      A:0030 X:0072 Y:0017 S:00EF P:nv--dIzC V:14  H:92  BC:9D 00 07
EB69  INX                              A:0030 X:0072 Y:0017 S:00EF P:nv--dIzC V:14  H:107 BC:E8
EB6A  BNE $EB63                        A:0030 X:0073 Y:0017 S:00EF P:nv--dIzC V:14  H:113 BC:D0 F7
EB63  LDA $EB6F,X [$EBE2] = $0020      A:0030 X:0073 Y:0017 S:00EF P:nv--dIzC V:14  H:122 BC:BD 6F EB
EB66  STA $0700,X [$0773] = $0000      A:0020 X:0073 Y:0017 S:00EF P:nv--dIzC V:14  H:134 BC:9D 00 07
EB69  INX                              A:0020 X:0073 Y:0017 S:00EF P:nv--dIzC V:14  H:149 BC:E8
EB6A  BNE $EB63                        A:0020 X:0074 Y:0017 S:00EF P:nv--dIzC V:14  H:155 BC:D0 F7
EB63  LDA $EB6F,X [$EBE3] = $0041      A:0020 X:0074 Y:0017 S:00EF P:nv--dIzC V:14  H:164 BC:BD 6F EB
EB66  STA $0700,X [$0774] = $0000      A:0041 X:0074 Y:0017 S:00EF P:nv--dIzC V:14  H:176 BC:9D 00 07
EB69  INX                              A:0041 X:0074 Y:0017 S:00EF P:nv--dIzC V:14  H:191 BC:E8
EB6A  BNE $EB63                        A:0041 X:0075 Y:0017 S:00EF P:nv--dIzC V:14  H:197 BC:D0 F7
EB63  LDA $EB6F,X [$EBE4] = $00EA      A:0041 X:0075 Y:0017 S:00EF P:nv--dIzC V:14  H:206 BC:BD 6F EB
EB66  STA $0700,X [$0775] = $0000      A:00EA X:0075 Y:0017 S:00EF P:Nv--dIzC V:14  H:218 BC:9D 00 07
EB69  INX                              A:00EA X:0075 Y:0017 S:00EF P:Nv--dIzC V:14  H:233 BC:E8
EB6A  BNE $EB63                        A:00EA X:0076 Y:0017 S:00EF P:nv--dIzC V:14  H:239 BC:D0 F7
EB63  LDA $EB6F,X [$EBE5] = $0008      A:00EA X:0076 Y:0017 S:00EF P:nv--dIzC V:14  H:248 BC:BD 6F EB
EB66  STA $0700,X [$0776] = $0000      A:0008 X:0076 Y:0017 S:00EF P:nv--dIzC V:14  H:260 BC:9D 00 07
EB69  INX                              A:0008 X:0076 Y:0017 S:00EF P:nv--dIzC V:14  H:275 BC:E8
EB6A  BNE $EB63                        A:0008 X:0077 Y:0017 S:00EF P:nv--dIzC V:14  H:281 BC:D0 F7
EB63  LDA $EB6F,X [$EBE6] = $0048      A:0008 X:0077 Y:0017 S:00EF P:nv--dIzC V:14  H:290 BC:BD 6F EB
EB66  STA $0700,X [$0777] = $0000      A:0048 X:0077 Y:0017 S:00EF P:nv--dIzC V:14  H:302 BC:9D 00 07
EB69  INX                              A:0048 X:0077 Y:0017 S:00EF P:nv--dIzC V:14  H:317 BC:E8
EB6A  BNE $EB63                        A:0048 X:0078 Y:0017 S:00EF P:nv--dIzC V:14  H:323 BC:D0 F7
EB63  LDA $EB6F,X [$EBE7] = $00A9      A:0048 X:0078 Y:0017 S:00EF P:nv--dIzC V:14  H:332 BC:BD 6F EB
EB66  STA $0700,X [$0778] = $0000      A:00A9 X:0078 Y:0017 S:00EF P:Nv--dIzC V:15  H:3   BC:9D 00 07
EB69  INX                              A:00A9 X:0078 Y:0017 S:00EF P:Nv--dIzC V:15  H:18  BC:E8
EB6A  BNE $EB63                        A:00A9 X:0079 Y:0017 S:00EF P:nv--dIzC V:15  H:24  BC:D0 F7
EB63  LDA $EB6F,X [$EBE8] = $000D      A:00A9 X:0079 Y:0017 S:00EF P:nv--dIzC V:15  H:33  BC:BD 6F EB
EB66  STA $0700,X [$0779] = $0000      A:000D X:0079 Y:0017 S:00EF P:nv--dIzC V:15  H:45  BC:9D 00 07
EB69  INX                              A:000D X:0079 Y:0017 S:00EF P:nv--dIzC V:15  H:60  BC:E8
EB6A  BNE $EB63                        A:000D X:007A Y:0017 S:00EF P:nv--dIzC V:15  H:66  BC:D0 F7
EB63  LDA $EB6F,X [$EBE9] = $0020      A:000D X:007A Y:0017 S:00EF P:nv--dIzC V:15  H:75  BC:BD 6F EB
EB66  STA $0700,X [$077A] = $0000      A:0020 X:007A Y:0017 S:00EF P:nv--dIzC V:15  H:87  BC:9D 00 07
EB69  INX                              A:0020 X:007A Y:0017 S:00EF P:nv--dIzC V:15  H:102 BC:E8
EB6A  BNE $EB63                        A:0020 X:007B Y:0017 S:00EF P:nv--dIzC V:15  H:108 BC:D0 F7
EB63  LDA $EB6F,X [$EBEA] = $006A      A:0020 X:007B Y:0017 S:00EF P:nv--dIzC V:15  H:117 BC:BD 6F EB
EB66  STA $0700,X [$077B] = $0000      A:006A X:007B Y:0017 S:00EF P:nv--dIzC V:15  H:129 BC:9D 00 07
EB69  INX                              A:006A X:007B Y:0017 S:00EF P:nv--dIzC V:15  H:144 BC:E8
EB6A  BNE $EB63                        A:006A X:007C Y:0017 S:00EF P:nv--dIzC V:15  H:150 BC:D0 F7
EB63  LDA $EB6F,X [$EBEB] = $00E4      A:006A X:007C Y:0017 S:00EF P:nv--dIzC V:15  H:159 BC:BD 6F EB
EB66  STA $0700,X [$077C] = $0000      A:00E4 X:007C Y:0017 S:00EF P:Nv--dIzC V:15  H:171 BC:9D 00 07
EB69  INX                              A:00E4 X:007C Y:0017 S:00EF P:Nv--dIzC V:15  H:186 BC:E8
EB6A  BNE $EB63                        A:00E4 X:007D Y:0017 S:00EF P:nv--dIzC V:15  H:192 BC:D0 F7
EB63  LDA $EB6F,X [$EBEC] = $00A9      A:00E4 X:007D Y:0017 S:00EF P:nv--dIzC V:15  H:201 BC:BD 6F EB
EB66  STA $0700,X [$077D] = $0000      A:00A9 X:007D Y:0017 S:00EF P:Nv--dIzC V:15  H:213 BC:9D 00 07
EB69  INX                              A:00A9 X:007D Y:0017 S:00EF P:Nv--dIzC V:15  H:228 BC:E8
EB6A  BNE $EB63                        A:00A9 X:007E Y:0017 S:00EF P:nv--dIzC V:15  H:234 BC:D0 F7
EB63  LDA $EB6F,X [$EBED] = $002B      A:00A9 X:007E Y:0017 S:00EF P:nv--dIzC V:15  H:243 BC:BD 6F EB
EB66  STA $0700,X [$077E] = $0000      A:002B X:007E Y:0017 S:00EF P:nv--dIzC V:15  H:255 BC:9D 00 07
EB69  INX                              A:002B X:007E Y:0017 S:00EF P:nv--dIzC V:15  H:270 BC:E8
EB6A  BNE $EB63                        A:002B X:007F Y:0017 S:00EF P:nv--dIzC V:15  H:276 BC:D0 F7
EB63  LDA $EB6F,X [$EBEE] = $0020      A:002B X:007F Y:0017 S:00EF P:nv--dIzC V:15  H:285 BC:BD 6F EB
EB66  STA $0700,X [$077F] = $0000      A:0020 X:007F Y:0017 S:00EF P:nv--dIzC V:15  H:297 BC:9D 00 07
EB69  INX                              A:0020 X:007F Y:0017 S:00EF P:nv--dIzC V:15  H:312 BC:E8
EB6A  BNE $EB63                        A:0020 X:0080 Y:0017 S:00EF P:Nv--dIzC V:15  H:318 BC:D0 F7
EB63  LDA $EB6F,X [$EBEF] = $0058      A:0020 X:0080 Y:0017 S:00EF P:Nv--dIzC V:15  H:327 BC:BD 6F EB
EB66  STA $0700,X [$0780] = $0000      A:0058 X:0080 Y:0017 S:00EF P:nv--dIzC V:15  H:339 BC:9D 00 07
EB69  INX                              A:0058 X:0080 Y:0017 S:00EF P:nv--dIzC V:16  H:13  BC:E8
EB6A  BNE $EB63                        A:0058 X:0081 Y:0017 S:00EF P:Nv--dIzC V:16  H:19  BC:D0 F7
EB63  LDA $EB6F,X [$EBF0] = $00E4      A:0058 X:0081 Y:0017 S:00EF P:Nv--dIzC V:16  H:28  BC:BD 6F EB
EB66  STA $0700,X [$0781] = $0000      A:00E4 X:0081 Y:0017 S:00EF P:Nv--dIzC V:16  H:40  BC:9D 00 07
EB69  INX                              A:00E4 X:0081 Y:0017 S:00EF P:Nv--dIzC V:16  H:55  BC:E8
EB6A  BNE $EB63                        A:00E4 X:0082 Y:0017 S:00EF P:Nv--dIzC V:16  H:61  BC:D0 F7
EB63  LDA $EB6F,X [$EBF1] = $00A9      A:00E4 X:0082 Y:0017 S:00EF P:Nv--dIzC V:16  H:70  BC:BD 6F EB
EB66  STA $0700,X [$0782] = $0000      A:00A9 X:0082 Y:0017 S:00EF P:Nv--dIzC V:16  H:82  BC:9D 00 07
EB69  INX                              A:00A9 X:0082 Y:0017 S:00EF P:Nv--dIzC V:16  H:97  BC:E8
EB6A  BNE $EB63                        A:00A9 X:0083 Y:0017 S:00EF P:Nv--dIzC V:16  H:103 BC:D0 F7
EB63  LDA $EB6F,X [$EBF2] = $0034      A:00A9 X:0083 Y:0017 S:00EF P:Nv--dIzC V:16  H:112 BC:BD 6F EB
EB66  STA $0700,X [$0783] = $0000      A:0034 X:0083 Y:0017 S:00EF P:nv--dIzC V:16  H:124 BC:9D 00 07
EB69  INX                              A:0034 X:0083 Y:0017 S:00EF P:nv--dIzC V:16  H:139 BC:E8
EB6A  BNE $EB63                        A:0034 X:0084 Y:0017 S:00EF P:Nv--dIzC V:16  H:145 BC:D0 F7
EB63  LDA $EB6F,X [$EBF3] = $0020      A:0034 X:0084 Y:0017 S:00EF P:Nv--dIzC V:16  H:154 BC:BD 6F EB
EB66  STA $0700,X [$0784] = $0000      A:0020 X:0084 Y:0017 S:00EF P:nv--dIzC V:16  H:166 BC:9D 00 07
EB69  INX                              A:0020 X:0084 Y:0017 S:00EF P:nv--dIzC V:16  H:181 BC:E8
EB6A  BNE $EB63                        A:0020 X:0085 Y:0017 S:00EF P:Nv--dIzC V:16  H:187 BC:D0 F7
EB63  LDA $EB6F,X [$EBF4] = $0042      A:0020 X:0085 Y:0017 S:00EF P:Nv--dIzC V:16  H:196 BC:BD 6F EB
EB66  STA $0700,X [$0785] = $0000      A:0042 X:0085 Y:0017 S:00EF P:nv--dIzC V:16  H:208 BC:9D 00 07
EB69  INX                              A:0042 X:0085 Y:0017 S:00EF P:nv--dIzC V:16  H:223 BC:E8
EB6A  BNE $EB63                        A:0042 X:0086 Y:0017 S:00EF P:Nv--dIzC V:16  H:229 BC:D0 F7
EB63  LDA $EB6F,X [$EBF5] = $00E4      A:0042 X:0086 Y:0017 S:00EF P:Nv--dIzC V:16  H:238 BC:BD 6F EB
EB66  STA $0700,X [$0786] = $0000      A:00E4 X:0086 Y:0017 S:00EF P:Nv--dIzC V:16  H:250 BC:9D 00 07
EB69  INX                              A:00E4 X:0086 Y:0017 S:00EF P:Nv--dIzC V:16  H:265 BC:E8
EB6A  BNE $EB63                        A:00E4 X:0087 Y:0017 S:00EF P:Nv--dIzC V:16  H:271 BC:D0 F7
EB63  LDA $EB6F,X [$EBF6] = $0068      A:00E4 X:0087 Y:0017 S:00EF P:Nv--dIzC V:16  H:280 BC:BD 6F EB
EB66  STA $0700,X [$0787] = $0000      A:0068 X:0087 Y:0017 S:00EF P:nv--dIzC V:16  H:292 BC:9D 00 07
EB69  INX                              A:0068 X:0087 Y:0017 S:00EF P:nv--dIzC V:16  H:307 BC:E8
EB6A  BNE $EB63                        A:0068 X:0088 Y:0017 S:00EF P:Nv--dIzC V:16  H:313 BC:D0 F7
EB63  LDA $EB6F,X [$EBF7] = $0028      A:0068 X:0088 Y:0017 S:00EF P:Nv--dIzC V:16  H:322 BC:BD 6F EB
EB66  STA $0700,X [$0788] = $0000      A:0028 X:0088 Y:0017 S:00EF P:nv--dIzC V:16  H:334 BC:9D 00 07
EB69  INX                              A:0028 X:0088 Y:0017 S:00EF P:nv--dIzC V:17  H:8   BC:E8
EB6A  BNE $EB63                        A:0028 X:0089 Y:0017 S:00EF P:Nv--dIzC V:17  H:14  BC:D0 F7
EB63  LDA $EB6F,X [$EBF8] = $0020      A:0028 X:0089 Y:0017 S:00EF P:Nv--dIzC V:17  H:23  BC:BD 6F EB
EB66  STA $0700,X [$0789] = $0000      A:0020 X:0089 Y:0017 S:00EF P:nv--dIzC V:17  H:35  BC:9D 00 07
EB69  INX                              A:0020 X:0089 Y:0017 S:00EF P:nv--dIzC V:17  H:50  BC:E8
EB6A  BNE $EB63                        A:0020 X:008A Y:0017 S:00EF P:Nv--dIzC V:17  H:56  BC:D0 F7
EB63  LDA $EB6F,X [$EBF9] = $005B      A:0020 X:008A Y:0017 S:00EF P:Nv--dIzC V:17  H:65  BC:BD 6F EB
EB66  STA $0700,X [$078A] = $0000      A:005B X:008A Y:0017 S:00EF P:nv--dIzC V:17  H:77  BC:9D 00 07
EB69  INX                              A:005B X:008A Y:0017 S:00EF P:nv--dIzC V:17  H:92  BC:E8
EB6A  BNE $EB63                        A:005B X:008B Y:0017 S:00EF P:Nv--dIzC V:17  H:98  BC:D0 F7
EB63  LDA $EB6F,X [$EBFA] = $00E9      A:005B X:008B Y:0017 S:00EF P:Nv--dIzC V:17  H:107 BC:BD 6F EB
EB66  STA $0700,X [$078B] = $0000      A:00E9 X:008B Y:0017 S:00EF P:Nv--dIzC V:17  H:119 BC:9D 00 07
EB69  INX                              A:00E9 X:008B Y:0017 S:00EF P:Nv--dIzC V:17  H:134 BC:E8
EB6A  BNE $EB63                        A:00E9 X:008C Y:0017 S:00EF P:Nv--dIzC V:17  H:140 BC:D0 F7
EB63  LDA $EB6F,X [$EBFB] = $00A2      A:00E9 X:008C Y:0017 S:00EF P:Nv--dIzC V:17  H:149 BC:BD 6F EB
EB66  STA $0700,X [$078C] = $0000      A:00A2 X:008C Y:0017 S:00EF P:Nv--dIzC V:17  H:161 BC:9D 00 07
EB69  INX                              A:00A2 X:008C Y:0017 S:00EF P:Nv--dIzC V:17  H:176 BC:E8
EB6A  BNE $EB63                        A:00A2 X:008D Y:0017 S:00EF P:Nv--dIzC V:17  H:182 BC:D0 F7
EB63  LDA $EB6F,X [$EBFC] = $0000      A:00A2 X:008D Y:0017 S:00EF P:Nv--dIzC V:17  H:191 BC:BD 6F EB
EB66  STA $0700,X [$078D] = $0000      A:0000 X:008D Y:0017 S:00EF P:nv--dIZC V:17  H:203 BC:9D 00 07
EB69  INX                              A:0000 X:008D Y:0017 S:00EF P:nv--dIZC V:17  H:218 BC:E8
EB6A  BNE $EB63                        A:0000 X:008E Y:0017 S:00EF P:Nv--dIzC V:17  H:224 BC:D0 F7
EB63  LDA $EB6F,X [$EBFD] = $00BD      A:0000 X:008E Y:0017 S:00EF P:Nv--dIzC V:17  H:233 BC:BD 6F EB
EB66  STA $0700,X [$078E] = $0000      A:00BD X:008E Y:0017 S:00EF P:Nv--dIzC V:17  H:245 BC:9D 00 07
EB69  INX                              A:00BD X:008E Y:0017 S:00EF P:Nv--dIzC V:17  H:260 BC:E8
EB6A  BNE $EB63                        A:00BD X:008F Y:0017 S:00EF P:Nv--dIzC V:17  H:266 BC:D0 F7
EB63  LDA $EB6F,X [$EBFE] = $0009      A:00BD X:008F Y:0017 S:00EF P:Nv--dIzC V:17  H:275 BC:BD 6F EB
EB66  STA $0700,X [$078F] = $0000      A:0009 X:008F Y:0017 S:00EF P:nv--dIzC V:17  H:287 BC:9D 00 07
EB69  INX                              A:0009 X:008F Y:0017 S:00EF P:nv--dIzC V:17  H:302 BC:E8
EB6A  BNE $EB63                        A:0009 X:0090 Y:0017 S:00EF P:Nv--dIzC V:17  H:308 BC:D0 F7
EB63  LDA $EB6F,X [$EBFF] = $00EC      A:0009 X:0090 Y:0017 S:00EF P:Nv--dIzC V:17  H:317 BC:BD 6F EB
EB66  STA $0700,X [$0790] = $0000      A:00EC X:0090 Y:0017 S:00EF P:Nv--dIzC V:17  H:329 BC:9D 00 07
EB69  INX                              A:00EC X:0090 Y:0017 S:00EF P:Nv--dIzC V:18  H:3   BC:E8
EB6A  BNE $EB63                        A:00EC X:0091 Y:0017 S:00EF P:Nv--dIzC V:18  H:9   BC:D0 F7
EB63  LDA $EB6F,X [$EC00] = $009D      A:00EC X:0091 Y:0017 S:00EF P:Nv--dIzC V:18  H:18  BC:BD 6F EB
EB66  STA $0700,X [$0791] = $0000      A:009D X:0091 Y:0017 S:00EF P:Nv--dIzC V:18  H:33  BC:9D 00 07
EB69  INX                              A:009D X:0091 Y:0017 S:00EF P:Nv--dIzC V:18  H:48  BC:E8
EB6A  BNE $EB63                        A:009D X:0092 Y:0017 S:00EF P:Nv--dIzC V:18  H:54  BC:D0 F7
EB63  LDA $EB6F,X [$EC01] = $0000      A:009D X:0092 Y:0017 S:00EF P:Nv--dIzC V:18  H:63  BC:BD 6F EB
EB66  STA $0700,X [$0792] = $0000      A:0000 X:0092 Y:0017 S:00EF P:nv--dIZC V:18  H:78  BC:9D 00 07
EB69  INX                              A:0000 X:0092 Y:0017 S:00EF P:nv--dIZC V:18  H:93  BC:E8
EB6A  BNE $EB63                        A:0000 X:0093 Y:0017 S:00EF P:Nv--dIzC V:18  H:99  BC:D0 F7
EB63  LDA $EB6F,X [$EC02] = $0007      A:0000 X:0093 Y:0017 S:00EF P:Nv--dIzC V:18  H:108 BC:BD 6F EB
EB66  STA $0700,X [$0793] = $0000      A:0007 X:0093 Y:0017 S:00EF P:nv--dIzC V:18  H:123 BC:9D 00 07
EB69  INX                              A:0007 X:0093 Y:0017 S:00EF P:nv--dIzC V:18  H:138 BC:E8
EB6A  BNE $EB63                        A:0007 X:0094 Y:0017 S:00EF P:Nv--dIzC V:18  H:144 BC:D0 F7
EB63  LDA $EB6F,X [$EC03] = $00E8      A:0007 X:0094 Y:0017 S:00EF P:Nv--dIzC V:18  H:153 BC:BD 6F EB
EB66  STA $0700,X [$0794] = $0000      A:00E8 X:0094 Y:0017 S:00EF P:Nv--dIzC V:18  H:168 BC:9D 00 07
EB69  INX                              A:00E8 X:0094 Y:0017 S:00EF P:Nv--dIzC V:18  H:183 BC:E8
EB6A  BNE $EB63                        A:00E8 X:0095 Y:0017 S:00EF P:Nv--dIzC V:18  H:189 BC:D0 F7
EB63  LDA $EB6F,X [$EC04] = $00D0      A:00E8 X:0095 Y:0017 S:00EF P:Nv--dIzC V:18  H:198 BC:BD 6F EB
EB66  STA $0700,X [$0795] = $0000      A:00D0 X:0095 Y:0017 S:00EF P:Nv--dIzC V:18  H:213 BC:9D 00 07
EB69  INX                              A:00D0 X:0095 Y:0017 S:00EF P:Nv--dIzC V:18  H:228 BC:E8
EB6A  BNE $EB63                        A:00D0 X:0096 Y:0017 S:00EF P:Nv--dIzC V:18  H:234 BC:D0 F7
EB63  LDA $EB6F,X [$EC05] = $00F7      A:00D0 X:0096 Y:0017 S:00EF P:Nv--dIzC V:18  H:243 BC:BD 6F EB
EB66  STA $0700,X [$0796] = $0000      A:00F7 X:0096 Y:0017 S:00EF P:Nv--dIzC V:18  H:258 BC:9D 00 07
EB69  INX                              A:00F7 X:0096 Y:0017 S:00EF P:Nv--dIzC V:18  H:273 BC:E8
EB6A  BNE $EB63                        A:00F7 X:0097 Y:0017 S:00EF P:Nv--dIzC V:18  H:279 BC:D0 F7
EB63  LDA $EB6F,X [$EC06] = $004C      A:00F7 X:0097 Y:0017 S:00EF P:Nv--dIzC V:18  H:288 BC:BD 6F EB
EB66  STA $0700,X [$0797] = $0000      A:004C X:0097 Y:0017 S:00EF P:nv--dIzC V:18  H:303 BC:9D 00 07
EB69  INX                              A:004C X:0097 Y:0017 S:00EF P:nv--dIzC V:18  H:318 BC:E8
EB6A  BNE $EB63                        A:004C X:0098 Y:0017 S:00EF P:Nv--dIzC V:18  H:324 BC:D0 F7
EB63  LDA $EB6F,X [$EC07] = $0000      A:004C X:0098 Y:0017 S:00EF P:Nv--dIzC V:18  H:333 BC:BD 6F EB
EB66  STA $0700,X [$0798] = $0000      A:0000 X:0098 Y:0017 S:00EF P:nv--dIZC V:19  H:7   BC:9D 00 07
EB69  INX                              A:0000 X:0098 Y:0017 S:00EF P:nv--dIZC V:19  H:22  BC:E8
EB6A  BNE $EB63                        A:0000 X:0099 Y:0017 S:00EF P:Nv--dIzC V:19  H:28  BC:D0 F7
EB63  LDA $EB6F,X [$EC08] = $0007      A:0000 X:0099 Y:0017 S:00EF P:Nv--dIzC V:19  H:37  BC:BD 6F EB
EB66  STA $0700,X [$0799] = $0000      A:0007 X:0099 Y:0017 S:00EF P:nv--dIzC V:19  H:52  BC:9D 00 07
EB69  INX                              A:0007 X:0099 Y:0017 S:00EF P:nv--dIzC V:19  H:67  BC:E8
EB6A  BNE $EB63                        A:0007 X:009A Y:0017 S:00EF P:Nv--dIzC V:19  H:73  BC:D0 F7
EB63  LDA $EB6F,X [$EC09] = $00AD      A:0007 X:009A Y:0017 S:00EF P:Nv--dIzC V:19  H:82  BC:BD 6F EB
EB66  STA $0700,X [$079A] = $0000      A:00AD X:009A Y:0017 S:00EF P:Nv--dIzC V:19  H:97  BC:9D 00 07
EB69  INX                              A:00AD X:009A Y:0017 S:00EF P:Nv--dIzC V:19  H:112 BC:E8
EB6A  BNE $EB63                        A:00AD X:009B Y:0017 S:00EF P:Nv--dIzC V:19  H:118 BC:D0 F7
EB63  LDA $EB6F,X [$EC0A] = $0024      A:00AD X:009B Y:0017 S:00EF P:Nv--dIzC V:19  H:127 BC:BD 6F EB
EB66  STA $0700,X [$079B] = $0000      A:0024 X:009B Y:0017 S:00EF P:nv--dIzC V:19  H:142 BC:9D 00 07
EB69  INX                              A:0024 X:009B Y:0017 S:00EF P:nv--dIzC V:19  H:157 BC:E8
EB6A  BNE $EB63                        A:0024 X:009C Y:0017 S:00EF P:Nv--dIzC V:19  H:163 BC:D0 F7
EB63  LDA $EB6F,X [$EC0B] = $0002      A:0024 X:009C Y:0017 S:00EF P:Nv--dIzC V:19  H:172 BC:BD 6F EB
EB66  STA $0700,X [$079C] = $0000      A:0002 X:009C Y:0017 S:00EF P:nv--dIzC V:19  H:187 BC:9D 00 07
EB69  INX                              A:0002 X:009C Y:0017 S:00EF P:nv--dIzC V:19  H:202 BC:E8
EB6A  BNE $EB63                        A:0002 X:009D Y:0017 S:00EF P:Nv--dIzC V:19  H:208 BC:D0 F7
EB63  LDA $EB6F,X [$EC0C] = $0009      A:0002 X:009D Y:0017 S:00EF P:Nv--dIzC V:19  H:217 BC:BD 6F EB
EB66  STA $0700,X [$079D] = $0000      A:0009 X:009D Y:0017 S:00EF P:nv--dIzC V:19  H:232 BC:9D 00 07
EB69  INX                              A:0009 X:009D Y:0017 S:00EF P:nv--dIzC V:19  H:247 BC:E8
EB6A  BNE $EB63                        A:0009 X:009E Y:0017 S:00EF P:Nv--dIzC V:19  H:253 BC:D0 F7
EB63  LDA $EB6F,X [$EC0D] = $0040      A:0009 X:009E Y:0017 S:00EF P:Nv--dIzC V:19  H:262 BC:BD 6F EB
EB66  STA $0700,X [$079E] = $0000      A:0040 X:009E Y:0017 S:00EF P:nv--dIzC V:19  H:277 BC:9D 00 07
EB69  INX                              A:0040 X:009E Y:0017 S:00EF P:nv--dIzC V:19  H:292 BC:E8
EB6A  BNE $EB63                        A:0040 X:009F Y:0017 S:00EF P:Nv--dIzC V:19  H:298 BC:D0 F7
EB63  LDA $EB6F,X [$EC0E] = $008D      A:0040 X:009F Y:0017 S:00EF P:Nv--dIzC V:19  H:307 BC:BD 6F EB
EB66  STA $0700,X [$079F] = $0000      A:008D X:009F Y:0017 S:00EF P:Nv--dIzC V:19  H:322 BC:9D 00 07
EB69  INX                              A:008D X:009F Y:0017 S:00EF P:Nv--dIzC V:19  H:337 BC:E8
EB6A  BNE $EB63                        A:008D X:00A0 Y:0017 S:00EF P:Nv--dIzC V:20  H:2   BC:D0 F7
EB63  LDA $EB6F,X [$EC0F] = $0000      A:008D X:00A0 Y:0017 S:00EF P:Nv--dIzC V:20  H:11  BC:BD 6F EB
EB66  STA $0700,X [$07A0] = $0000      A:0000 X:00A0 Y:0017 S:00EF P:nv--dIZC V:20  H:26  BC:9D 00 07
EB69  INX                              A:0000 X:00A0 Y:0017 S:00EF P:nv--dIZC V:20  H:41  BC:E8
EB6A  BNE $EB63                        A:0000 X:00A1 Y:0017 S:00EF P:Nv--dIzC V:20  H:47  BC:D0 F7
EB63  LDA $EB6F,X [$EC10] = $00E0      A:0000 X:00A1 Y:0017 S:00EF P:Nv--dIzC V:20  H:56  BC:BD 6F EB
EB66  STA $0700,X [$07A1] = $0000      A:00E0 X:00A1 Y:0017 S:00EF P:Nv--dIzC V:20  H:71  BC:9D 00 07
EB69  INX                              A:00E0 X:00A1 Y:0017 S:00EF P:Nv--dIzC V:20  H:86  BC:E8
EB6A  BNE $EB63                        A:00E0 X:00A2 Y:0017 S:00EF P:Nv--dIzC V:20  H:92  BC:D0 F7
EB63  LDA $EB6F,X [$EC11] = $004A      A:00E0 X:00A2 Y:0017 S:00EF P:Nv--dIzC V:20  H:101 BC:BD 6F EB
EB66  STA $0700,X [$07A2] = $0000      A:004A X:00A2 Y:0017 S:00EF P:nv--dIzC V:20  H:116 BC:9D 00 07
EB69  INX                              A:004A X:00A2 Y:0017 S:00EF P:nv--dIzC V:20  H:131 BC:E8
EB6A  BNE $EB63                        A:004A X:00A3 Y:0017 S:00EF P:Nv--dIzC V:20  H:137 BC:D0 F7
EB63  LDA $EB6F,X [$EC12] = $00C9      A:004A X:00A3 Y:0017 S:00EF P:Nv--dIzC V:20  H:146 BC:BD 6F EB
EB66  STA $0700,X [$07A3] = $0000      A:00C9 X:00A3 Y:0017 S:00EF P:Nv--dIzC V:20  H:161 BC:9D 00 07
EB69  INX                              A:00C9 X:00A3 Y:0017 S:00EF P:Nv--dIzC V:20  H:176 BC:E8
EB6A  BNE $EB63                        A:00C9 X:00A4 Y:0017 S:00EF P:Nv--dIzC V:20  H:182 BC:D0 F7
EB63  LDA $EB6F,X [$EC13] = $0002      A:00C9 X:00A4 Y:0017 S:00EF P:Nv--dIzC V:20  H:191 BC:BD 6F EB
EB66  STA $0700,X [$07A4] = $0000      A:0002 X:00A4 Y:0017 S:00EF P:nv--dIzC V:20  H:206 BC:9D 00 07
EB69  INX                              A:0002 X:00A4 Y:0017 S:00EF P:nv--dIzC V:20  H:221 BC:E8
EB6A  BNE $EB63                        A:0002 X:00A5 Y:0017 S:00EF P:Nv--dIzC V:20  H:227 BC:D0 F7
EB63  LDA $EB6F,X [$EC14] = $00D0      A:0002 X:00A5 Y:0017 S:00EF P:Nv--dIzC V:20  H:236 BC:BD 6F EB
EB66  STA $0700,X [$07A5] = $0000      A:00D0 X:00A5 Y:0017 S:00EF P:Nv--dIzC V:20  H:251 BC:9D 00 07
EB69  INX                              A:00D0 X:00A5 Y:0017 S:00EF P:Nv--dIzC V:20  H:266 BC:E8
EB6A  BNE $EB63                        A:00D0 X:00A6 Y:0017 S:00EF P:Nv--dIzC V:20  H:272 BC:D0 F7
EB63  LDA $EB6F,X [$EC15] = $00F8      A:00D0 X:00A6 Y:0017 S:00EF P:Nv--dIzC V:20  H:281 BC:BD 6F EB
EB66  STA $0700,X [$07A6] = $0000      A:00F8 X:00A6 Y:0017 S:00EF P:Nv--dIzC V:20  H:296 BC:9D 00 07
EB69  INX                              A:00F8 X:00A6 Y:0017 S:00EF P:Nv--dIzC V:20  H:311 BC:E8
EB6A  BNE $EB63                        A:00F8 X:00A7 Y:0017 S:00EF P:Nv--dIzC V:20  H:317 BC:D0 F7
EB63  LDA $EB6F,X [$EC16] = $006C      A:00F8 X:00A7 Y:0017 S:00EF P:Nv--dIzC V:20  H:326 BC:BD 6F EB
EB66  STA $0700,X [$07A7] = $0000      A:006C X:00A7 Y:0017 S:00EF P:nv--dIzC V:21  H:0   BC:9D 00 07
EB69  INX                              A:006C X:00A7 Y:0017 S:00EF P:nv--dIzC V:21  H:15  BC:E8
EB6A  BNE $EB63                        A:006C X:00A8 Y:0017 S:00EF P:Nv--dIzC V:21  H:21  BC:D0 F7
EB63  LDA $EB6F,X [$EC17] = $00F6      A:006C X:00A8 Y:0017 S:00EF P:Nv--dIzC V:21  H:30  BC:BD 6F EB
EB66  STA $0700,X [$07A8] = $0000      A:00F6 X:00A8 Y:0017 S:00EF P:Nv--dIzC V:21  H:45  BC:9D 00 07
EB69  INX                              A:00F6 X:00A8 Y:0017 S:00EF P:Nv--dIzC V:21  H:60  BC:E8
EB6A  BNE $EB63                        A:00F6 X:00A9 Y:0017 S:00EF P:Nv--dIzC V:21  H:66  BC:D0 F7
EB63  LDA $EB6F,X [$EC18] = $00FF      A:00F6 X:00A9 Y:0017 S:00EF P:Nv--dIzC V:21  H:75  BC:BD 6F EB
EB66  STA $0700,X [$07A9] = $0000      A:00FF X:00A9 Y:0017 S:00EF P:Nv--dIzC V:21  H:90  BC:9D 00 07
EB69  INX                              A:00FF X:00A9 Y:0017 S:00EF P:Nv--dIzC V:21  H:105 BC:E8
EB6A  BNE $EB63                        A:00FF X:00AA Y:0017 S:00EF P:Nv--dIzC V:21  H:111 BC:D0 F7
EB63  LDA $EB6F,X [$EC19] = $0020      A:00FF X:00AA Y:0017 S:00EF P:Nv--dIzC V:21  H:120 BC:BD 6F EB
EB66  STA $0700,X [$07AA] = $0000      A:0020 X:00AA Y:0017 S:00EF P:nv--dIzC V:21  H:135 BC:9D 00 07
EB69  INX                              A:0020 X:00AA Y:0017 S:00EF P:nv--dIzC V:21  H:150 BC:E8
EB6A  BNE $EB63                        A:0020 X:00AB Y:0017 S:00EF P:Nv--dIzC V:21  H:156 BC:D0 F7
EB63  LDA $EB6F,X [$EC1A] = $00A2      A:0020 X:00AB Y:0017 S:00EF P:Nv--dIzC V:21  H:165 BC:BD 6F EB
EB66  STA $0700,X [$07AB] = $0000      A:00A2 X:00AB Y:0017 S:00EF P:Nv--dIzC V:21  H:180 BC:9D 00 07
EB69  INX                              A:00A2 X:00AB Y:0017 S:00EF P:Nv--dIzC V:21  H:195 BC:E8
EB6A  BNE $EB63                        A:00A2 X:00AC Y:0017 S:00EF P:Nv--dIzC V:21  H:201 BC:D0 F7
EB63  LDA $EB6F,X [$EC1B] = $00E6      A:00A2 X:00AC Y:0017 S:00EF P:Nv--dIzC V:21  H:210 BC:BD 6F EB
EB66  STA $0700,X [$07AC] = $0000      A:00E6 X:00AC Y:0017 S:00EF P:Nv--dIzC V:21  H:225 BC:9D 00 07
EB69  INX                              A:00E6 X:00AC Y:0017 S:00EF P:Nv--dIzC V:21  H:240 BC:E8
EB6A  BNE $EB63                        A:00E6 X:00AD Y:0017 S:00EF P:Nv--dIzC V:21  H:246 BC:D0 F7
EB63  LDA $EB6F,X [$EC1C] = $0020      A:00E6 X:00AD Y:0017 S:00EF P:Nv--dIzC V:21  H:255 BC:BD 6F EB
EB66  STA $0700,X [$07AD] = $0000      A:0020 X:00AD Y:0017 S:00EF P:nv--dIzC V:21  H:270 BC:9D 00 07
EB69  INX                              A:0020 X:00AD Y:0017 S:00EF P:nv--dIzC V:21  H:285 BC:E8
EB6A  BNE $EB63                        A:0020 X:00AE Y:0017 S:00EF P:Nv--dIzC V:21  H:291 BC:D0 F7
EB63  LDA $EB6F,X [$EC1D] = $0001      A:0020 X:00AE Y:0017 S:00EF P:Nv--dIzC V:21  H:300 BC:BD 6F EB
EB66  STA $0700,X [$07AE] = $0000      A:0001 X:00AE Y:0017 S:00EF P:nv--dIzC V:21  H:315 BC:9D 00 07
EB69  INX                              A:0001 X:00AE Y:0017 S:00EF P:nv--dIzC V:21  H:330 BC:E8
EB6A  BNE $EB63                        A:0001 X:00AF Y:0017 S:00EF P:Nv--dIzC V:21  H:336 BC:D0 F7
EB63  LDA $EB6F,X [$EC1E] = $00E5      A:0001 X:00AF Y:0017 S:00EF P:Nv--dIzC V:22  H:4   BC:BD 6F EB
EB66  STA $0700,X [$07AF] = $0000      A:00E5 X:00AF Y:0017 S:00EF P:Nv--dIzC V:22  H:19  BC:9D 00 07
EB69  INX                              A:00E5 X:00AF Y:0017 S:00EF P:Nv--dIzC V:22  H:34  BC:E8
EB6A  BNE $EB63                        A:00E5 X:00B0 Y:0017 S:00EF P:Nv--dIzC V:22  H:40  BC:D0 F7
EB63  LDA $EB6F,X [$EC1F] = $0041      A:00E5 X:00B0 Y:0017 S:00EF P:Nv--dIzC V:22  H:49  BC:BD 6F EB
EB66  STA $0700,X [$07B0] = $0000      A:0041 X:00B0 Y:0017 S:00EF P:nv--dIzC V:22  H:64  BC:9D 00 07
EB69  INX                              A:0041 X:00B0 Y:0017 S:00EF P:nv--dIzC V:22  H:79  BC:E8
EB6A  BNE $EB63                        A:0041 X:00B1 Y:0017 S:00EF P:Nv--dIzC V:22  H:85  BC:D0 F7
EB63  LDA $EB6F,X [$EC20] = $006C      A:0041 X:00B1 Y:0017 S:00EF P:Nv--dIzC V:22  H:94  BC:BD 6F EB
EB66  STA $0700,X [$07B1] = $0000      A:006C X:00B1 Y:0017 S:00EF P:nv--dIzC V:22  H:109 BC:9D 00 07
EB69  INX                              A:006C X:00B1 Y:0017 S:00EF P:nv--dIzC V:22  H:124 BC:E8
EB6A  BNE $EB63                        A:006C X:00B2 Y:0017 S:00EF P:Nv--dIzC V:22  H:130 BC:D0 F7
EB63  LDA $EB6F,X [$EC21] = $006C      A:006C X:00B2 Y:0017 S:00EF P:Nv--dIzC V:22  H:139 BC:BD 6F EB
EB66  STA $0700,X [$07B2] = $0000      A:006C X:00B2 Y:0017 S:00EF P:nv--dIzC V:22  H:154 BC:9D 00 07
EB69  INX                              A:006C X:00B2 Y:0017 S:00EF P:nv--dIzC V:22  H:169 BC:E8
EB6A  BNE $EB63                        A:006C X:00B3 Y:0017 S:00EF P:Nv--dIzC V:22  H:175 BC:D0 F7
EB63  LDA $EB6F,X [$EC22] = $0020      A:006C X:00B3 Y:0017 S:00EF P:Nv--dIzC V:22  H:184 BC:BD 6F EB
EB66  STA $0700,X [$07B3] = $0000      A:0020 X:00B3 Y:0017 S:00EF P:nv--dIzC V:22  H:199 BC:9D 00 07
EB69  INX                              A:0020 X:00B3 Y:0017 S:00EF P:nv--dIzC V:22  H:214 BC:E8
EB6A  BNE $EB63                        A:0020 X:00B4 Y:0017 S:00EF P:Nv--dIzC V:22  H:220 BC:D0 F7
EB63  LDA $EB6F,X [$EC23] = $0031      A:0020 X:00B4 Y:0017 S:00EF P:Nv--dIzC V:22  H:229 BC:BD 6F EB
EB66  STA $0700,X [$07B4] = $0000      A:0031 X:00B4 Y:0017 S:00EF P:nv--dIzC V:22  H:244 BC:9D 00 07
EB69  INX                              A:0031 X:00B4 Y:0017 S:00EF P:nv--dIzC V:22  H:259 BC:E8
EB6A  BNE $EB63                        A:0031 X:00B5 Y:0017 S:00EF P:Nv--dIzC V:22  H:265 BC:D0 F7
EB63  LDA $EB6F,X [$EC24] = $0036      A:0031 X:00B5 Y:0017 S:00EF P:Nv--dIzC V:22  H:274 BC:BD 6F EB
EB66  STA $0700,X [$07B5] = $0000      A:0036 X:00B5 Y:0017 S:00EF P:nv--dIzC V:22  H:289 BC:9D 00 07
EB69  INX                              A:0036 X:00B5 Y:0017 S:00EF P:nv--dIzC V:22  H:304 BC:E8
EB6A  BNE $EB63                        A:0036 X:00B6 Y:0017 S:00EF P:Nv--dIzC V:22  H:310 BC:D0 F7
EB63  LDA $EB6F,X [$EC25] = $0020      A:0036 X:00B6 Y:0017 S:00EF P:Nv--dIzC V:22  H:319 BC:BD 6F EB
EB66  STA $0700,X [$07B6] = $0000      A:0020 X:00B6 Y:0017 S:00EF P:nv--dIzC V:22  H:334 BC:9D 00 07
EB69  INX                              A:0020 X:00B6 Y:0017 S:00EF P:nv--dIzC V:23  H:8   BC:E8
EB6A  BNE $EB63                        A:0020 X:00B7 Y:0017 S:00EF P:Nv--dIzC V:23  H:14  BC:D0 F7
EB63  LDA $EB6F,X [$EC26] = $0074      A:0020 X:00B7 Y:0017 S:00EF P:Nv--dIzC V:23  H:23  BC:BD 6F EB
EB66  STA $0700,X [$07B7] = $0000      A:0074 X:00B7 Y:0017 S:00EF P:nv--dIzC V:23  H:38  BC:9D 00 07
EB69  INX                              A:0074 X:00B7 Y:0017 S:00EF P:nv--dIzC V:23  H:53  BC:E8
EB6A  BNE $EB63                        A:0074 X:00B8 Y:0017 S:00EF P:Nv--dIzC V:23  H:59  BC:D0 F7
EB63  LDA $EB6F,X [$EC27] = $0065      A:0074 X:00B8 Y:0017 S:00EF P:Nv--dIzC V:23  H:68  BC:BD 6F EB
EB66  STA $0700,X [$07B8] = $0000      A:0065 X:00B8 Y:0017 S:00EF P:nv--dIzC V:23  H:83  BC:9D 00 07
EB69  INX                              A:0065 X:00B8 Y:0017 S:00EF P:nv--dIzC V:23  H:98  BC:E8
EB6A  BNE $EB63                        A:0065 X:00B9 Y:0017 S:00EF P:Nv--dIzC V:23  H:104 BC:D0 F7
EB63  LDA $EB6F,X [$EC28] = $0073      A:0065 X:00B9 Y:0017 S:00EF P:Nv--dIzC V:23  H:113 BC:BD 6F EB
EB66  STA $0700,X [$07B9] = $0000      A:0073 X:00B9 Y:0017 S:00EF P:nv--dIzC V:23  H:128 BC:9D 00 07
EB69  INX                              A:0073 X:00B9 Y:0017 S:00EF P:nv--dIzC V:23  H:143 BC:E8
EB6A  BNE $EB63                        A:0073 X:00BA Y:0017 S:00EF P:Nv--dIzC V:23  H:149 BC:D0 F7
EB63  LDA $EB6F,X [$EC29] = $0074      A:0073 X:00BA Y:0017 S:00EF P:Nv--dIzC V:23  H:158 BC:BD 6F EB
EB66  STA $0700,X [$07BA] = $0000      A:0074 X:00BA Y:0017 S:00EF P:nv--dIzC V:23  H:173 BC:9D 00 07
EB69  INX                              A:0074 X:00BA Y:0017 S:00EF P:nv--dIzC V:23  H:188 BC:E8
EB6A  BNE $EB63                        A:0074 X:00BB Y:0017 S:00EF P:Nv--dIzC V:23  H:194 BC:D0 F7
EB63  LDA $EB6F,X [$EC2A] = $0073      A:0074 X:00BB Y:0017 S:00EF P:Nv--dIzC V:23  H:203 BC:BD 6F EB
EB66  STA $0700,X [$07BB] = $0000      A:0073 X:00BB Y:0017 S:00EF P:nv--dIzC V:23  H:218 BC:9D 00 07
EB69  INX                              A:0073 X:00BB Y:0017 S:00EF P:nv--dIzC V:23  H:233 BC:E8
EB6A  BNE $EB63                        A:0073 X:00BC Y:0017 S:00EF P:Nv--dIzC V:23  H:239 BC:D0 F7
EB63  LDA $EB6F,X [$EC2B] = $0020      A:0073 X:00BC Y:0017 S:00EF P:Nv--dIzC V:23  H:248 BC:BD 6F EB
EB66  STA $0700,X [$07BC] = $0000      A:0020 X:00BC Y:0017 S:00EF P:nv--dIzC V:23  H:263 BC:9D 00 07
EB69  INX                              A:0020 X:00BC Y:0017 S:00EF P:nv--dIzC V:23  H:278 BC:E8
EB6A  BNE $EB63                        A:0020 X:00BD Y:0017 S:00EF P:Nv--dIzC V:23  H:284 BC:D0 F7
EB63  LDA $EB6F,X [$EC2C] = $0070      A:0020 X:00BD Y:0017 S:00EF P:Nv--dIzC V:23  H:293 BC:BD 6F EB
EB66  STA $0700,X [$07BD] = $0000      A:0070 X:00BD Y:0017 S:00EF P:nv--dIzC V:23  H:308 BC:9D 00 07
EB69  INX                              A:0070 X:00BD Y:0017 S:00EF P:nv--dIzC V:23  H:323 BC:E8
EB6A  BNE $EB63                        A:0070 X:00BE Y:0017 S:00EF P:Nv--dIzC V:23  H:329 BC:D0 F7
EB63  LDA $EB6F,X [$EC2D] = $0061      A:0070 X:00BE Y:0017 S:00EF P:Nv--dIzC V:23  H:338 BC:BD 6F EB
EB66  STA $0700,X [$07BE] = $0000      A:0061 X:00BE Y:0017 S:00EF P:nv--dIzC V:24  H:12  BC:9D 00 07
EB69  INX                              A:0061 X:00BE Y:0017 S:00EF P:nv--dIzC V:24  H:27  BC:E8
EB6A  BNE $EB63                        A:0061 X:00BF Y:0017 S:00EF P:Nv--dIzC V:24  H:33  BC:D0 F7
EB63  LDA $EB6F,X [$EC2E] = $0073      A:0061 X:00BF Y:0017 S:00EF P:Nv--dIzC V:24  H:42  BC:BD 6F EB
EB66  STA $0700,X [$07BF] = $0000      A:0073 X:00BF Y:0017 S:00EF P:nv--dIzC V:24  H:57  BC:9D 00 07
EB69  INX                              A:0073 X:00BF Y:0017 S:00EF P:nv--dIzC V:24  H:72  BC:E8
EB6A  BNE $EB63                        A:0073 X:00C0 Y:0017 S:00EF P:Nv--dIzC V:24  H:78  BC:D0 F7
EB63  LDA $EB6F,X [$EC2F] = $0073      A:0073 X:00C0 Y:0017 S:00EF P:Nv--dIzC V:24  H:87  BC:BD 6F EB
EB66  STA $0700,X [$07C0] = $0000      A:0073 X:00C0 Y:0017 S:00EF P:nv--dIzC V:24  H:102 BC:9D 00 07
EB69  INX                              A:0073 X:00C0 Y:0017 S:00EF P:nv--dIzC V:24  H:117 BC:E8
EB6A  BNE $EB63                        A:0073 X:00C1 Y:0017 S:00EF P:Nv--dIzC V:24  H:123 BC:D0 F7
EB63  LDA $EB6F,X [$EC30] = $0065      A:0073 X:00C1 Y:0017 S:00EF P:Nv--dIzC V:24  H:132 BC:BD 6F EB
EB66  STA $0700,X [$07C1] = $0000      A:0065 X:00C1 Y:0017 S:00EF P:nv--dIzC V:24  H:147 BC:9D 00 07
EB69  INX                              A:0065 X:00C1 Y:0017 S:00EF P:nv--dIzC V:24  H:162 BC:E8
EB6A  BNE $EB63                        A:0065 X:00C2 Y:0017 S:00EF P:Nv--dIzC V:24  H:168 BC:D0 F7
EB63  LDA $EB6F,X [$EC31] = $0064      A:0065 X:00C2 Y:0017 S:00EF P:Nv--dIzC V:24  H:177 BC:BD 6F EB
EB66  STA $0700,X [$07C2] = $0000      A:0064 X:00C2 Y:0017 S:00EF P:nv--dIzC V:24  H:192 BC:9D 00 07
EB69  INX                              A:0064 X:00C2 Y:0017 S:00EF P:nv--dIzC V:24  H:207 BC:E8
EB6A  BNE $EB63                        A:0064 X:00C3 Y:0017 S:00EF P:Nv--dIzC V:24  H:213 BC:D0 F7
EB63  LDA $EB6F,X [$EC32] = $000A      A:0064 X:00C3 Y:0017 S:00EF P:Nv--dIzC V:24  H:222 BC:BD 6F EB
EB66  STA $0700,X [$07C3] = $0000      A:000A X:00C3 Y:0017 S:00EF P:nv--dIzC V:24  H:237 BC:9D 00 07
EB69  INX                              A:000A X:00C3 Y:0017 S:00EF P:nv--dIzC V:24  H:252 BC:E8
EB6A  BNE $EB63                        A:000A X:00C4 Y:0017 S:00EF P:Nv--dIzC V:24  H:258 BC:D0 F7
EB63  LDA $EB6F,X [$EC33] = $000A      A:000A X:00C4 Y:0017 S:00EF P:Nv--dIzC V:24  H:267 BC:BD 6F EB
EB66  STA $0700,X [$07C4] = $0000      A:000A X:00C4 Y:0017 S:00EF P:nv--dIzC V:24  H:282 BC:9D 00 07
EB69  INX                              A:000A X:00C4 Y:0017 S:00EF P:nv--dIzC V:24  H:297 BC:E8
EB6A  BNE $EB63                        A:000A X:00C5 Y:0017 S:00EF P:Nv--dIzC V:24  H:303 BC:D0 F7
EB63  LDA $EB6F,X [$EC34] = $000A      A:000A X:00C5 Y:0017 S:00EF P:Nv--dIzC V:24  H:312 BC:BD 6F EB
EB66  STA $0700,X [$07C5] = $0000      A:000A X:00C5 Y:0017 S:00EF P:nv--dIzC V:24  H:327 BC:9D 00 07
EB69  INX                              A:000A X:00C5 Y:0017 S:00EF P:nv--dIzC V:25  H:1   BC:E8
EB6A  BNE $EB63                        A:000A X:00C6 Y:0017 S:00EF P:Nv--dIzC V:25  H:7   BC:D0 F7
EB63  LDA $EB6F,X [$EC35] = $0000      A:000A X:00C6 Y:0017 S:00EF P:Nv--dIzC V:25  H:16  BC:BD 6F EB
EB66  STA $0700,X [$07C6] = $0000      A:0000 X:00C6 Y:0017 S:00EF P:nv--dIZC V:25  H:31  BC:9D 00 07
EB69  INX                              A:0000 X:00C6 Y:0017 S:00EF P:nv--dIZC V:25  H:46  BC:E8
EB6A  BNE $EB63                        A:0000 X:00C7 Y:0017 S:00EF P:Nv--dIzC V:25  H:52  BC:D0 F7
EB63  LDA $EB6F,X [$EC36] = $00A9      A:0000 X:00C7 Y:0017 S:00EF P:Nv--dIzC V:25  H:61  BC:BD 6F EB
EB66  STA $0700,X [$07C7] = $0000      A:00A9 X:00C7 Y:0017 S:00EF P:Nv--dIzC V:25  H:76  BC:9D 00 07
EB69  INX                              A:00A9 X:00C7 Y:0017 S:00EF P:Nv--dIzC V:25  H:91  BC:E8
EB6A  BNE $EB63                        A:00A9 X:00C8 Y:0017 S:00EF P:Nv--dIzC V:25  H:97  BC:D0 F7
EB63  LDA $EB6F,X [$EC37] = $0000      A:00A9 X:00C8 Y:0017 S:00EF P:Nv--dIzC V:25  H:106 BC:BD 6F EB
EB66  STA $0700,X [$07C8] = $0000      A:0000 X:00C8 Y:0017 S:00EF P:nv--dIZC V:25  H:121 BC:9D 00 07
EB69  INX                              A:0000 X:00C8 Y:0017 S:00EF P:nv--dIZC V:25  H:136 BC:E8
EB6A  BNE $EB63                        A:0000 X:00C9 Y:0017 S:00EF P:Nv--dIzC V:25  H:142 BC:D0 F7
EB63  LDA $EB6F,X [$EC38] = $004C      A:0000 X:00C9 Y:0017 S:00EF P:Nv--dIzC V:25  H:151 BC:BD 6F EB
EB66  STA $0700,X [$07C9] = $0000      A:004C X:00C9 Y:0017 S:00EF P:nv--dIzC V:25  H:166 BC:9D 00 07
EB69  INX                              A:004C X:00C9 Y:0017 S:00EF P:nv--dIzC V:25  H:181 BC:E8
EB6A  BNE $EB63                        A:004C X:00CA Y:0017 S:00EF P:Nv--dIzC V:25  H:187 BC:D0 F7
EB63  LDA $EB6F,X [$EC39] = $0051      A:004C X:00CA Y:0017 S:00EF P:Nv--dIzC V:25  H:196 BC:BD 6F EB
EB66  STA $0700,X [$07CA] = $0000      A:0051 X:00CA Y:0017 S:00EF P:nv--dIzC V:25  H:211 BC:9D 00 07
EB69  INX                              A:0051 X:00CA Y:0017 S:00EF P:nv--dIzC V:25  H:226 BC:E8
EB6A  BNE $EB63                        A:0051 X:00CB Y:0017 S:00EF P:Nv--dIzC V:25  H:232 BC:D0 F7
EB63  LDA $EB6F,X [$EC3A] = $00EC      A:0051 X:00CB Y:0017 S:00EF P:Nv--dIzC V:25  H:241 BC:BD 6F EB
EB66  STA $0700,X [$07CB] = $0000      A:00EC X:00CB Y:0017 S:00EF P:Nv--dIzC V:25  H:256 BC:9D 00 07
EB69  INX                              A:00EC X:00CB Y:0017 S:00EF P:Nv--dIzC V:25  H:271 BC:E8
EB6A  BNE $EB63                        A:00EC X:00CC Y:0017 S:00EF P:Nv--dIzC V:25  H:277 BC:D0 F7
EB63  LDA $EB6F,X [$EC3B] = $00AE      A:00EC X:00CC Y:0017 S:00EF P:Nv--dIzC V:25  H:286 BC:BD 6F EB
EB66  STA $0700,X [$07CC] = $0000      A:00AE X:00CC Y:0017 S:00EF P:Nv--dIzC V:25  H:301 BC:9D 00 07
EB69  INX                              A:00AE X:00CC Y:0017 S:00EF P:Nv--dIzC V:25  H:316 BC:E8
EB6A  BNE $EB63                        A:00AE X:00CD Y:0017 S:00EF P:Nv--dIzC V:25  H:322 BC:D0 F7
EB63  LDA $EB6F,X [$EC3C] = $0024      A:00AE X:00CD Y:0017 S:00EF P:Nv--dIzC V:25  H:331 BC:BD 6F EB
EB66  STA $0700,X [$07CD] = $0000      A:0024 X:00CD Y:0017 S:00EF P:nv--dIzC V:26  H:5   BC:9D 00 07
EB69  INX                              A:0024 X:00CD Y:0017 S:00EF P:nv--dIzC V:26  H:20  BC:E8
EB6A  BNE $EB63                        A:0024 X:00CE Y:0017 S:00EF P:Nv--dIzC V:26  H:26  BC:D0 F7
EB63  LDA $EB6F,X [$EC3D] = $0002      A:0024 X:00CE Y:0017 S:00EF P:Nv--dIzC V:26  H:35  BC:BD 6F EB
EB66  STA $0700,X [$07CE] = $0000      A:0002 X:00CE Y:0017 S:00EF P:nv--dIzC V:26  H:50  BC:9D 00 07
EB69  INX                              A:0002 X:00CE Y:0017 S:00EF P:nv--dIzC V:26  H:65  BC:E8
EB6A  BNE $EB63                        A:0002 X:00CF Y:0017 S:00EF P:Nv--dIzC V:26  H:71  BC:D0 F7
EB63  LDA $EB6F,X [$EC3E] = $00E8      A:0002 X:00CF Y:0017 S:00EF P:Nv--dIzC V:26  H:80  BC:BD 6F EB
EB66  STA $0700,X [$07CF] = $0000      A:00E8 X:00CF Y:0017 S:00EF P:Nv--dIzC V:26  H:95  BC:9D 00 07
EB69  INX                              A:00E8 X:00CF Y:0017 S:00EF P:Nv--dIzC V:26  H:110 BC:E8
EB6A  BNE $EB63                        A:00E8 X:00D0 Y:0017 S:00EF P:Nv--dIzC V:26  H:116 BC:D0 F7
EB63  LDA $EB6F,X [$EC3F] = $008A      A:00E8 X:00D0 Y:0017 S:00EF P:Nv--dIzC V:26  H:125 BC:BD 6F EB
EB66  STA $0700,X [$07D0] = $0000      A:008A X:00D0 Y:0017 S:00EF P:Nv--dIzC V:26  H:140 BC:9D 00 07
EB69  INX                              A:008A X:00D0 Y:0017 S:00EF P:Nv--dIzC V:26  H:155 BC:E8
EB6A  BNE $EB63                        A:008A X:00D1 Y:0017 S:00EF P:Nv--dIzC V:26  H:161 BC:D0 F7
EB63  LDA $EB6F,X [$EC40] = $0020      A:008A X:00D1 Y:0017 S:00EF P:Nv--dIzC V:26  H:170 BC:BD 6F EB
EB66  STA $0700,X [$07D1] = $0000      A:0020 X:00D1 Y:0017 S:00EF P:nv--dIzC V:26  H:185 BC:9D 00 07
EB69  INX                              A:0020 X:00D1 Y:0017 S:00EF P:nv--dIzC V:26  H:200 BC:E8
EB6A  BNE $EB63                        A:0020 X:00D2 Y:0017 S:00EF P:Nv--dIzC V:26  H:206 BC:D0 F7
EB63  LDA $EB6F,X [$EC41] = $002F      A:0020 X:00D2 Y:0017 S:00EF P:Nv--dIzC V:26  H:215 BC:BD 6F EB
EB66  STA $0700,X [$07D2] = $0000      A:002F X:00D2 Y:0017 S:00EF P:nv--dIzC V:26  H:230 BC:9D 00 07
EB69  INX                              A:002F X:00D2 Y:0017 S:00EF P:nv--dIzC V:26  H:245 BC:E8
EB6A  BNE $EB63                        A:002F X:00D3 Y:0017 S:00EF P:Nv--dIzC V:26  H:251 BC:D0 F7
EB63  LDA $EB6F,X [$EC42] = $00E5      A:002F X:00D3 Y:0017 S:00EF P:Nv--dIzC V:26  H:260 BC:BD 6F EB
EB66  STA $0700,X [$07D3] = $0000      A:00E5 X:00D3 Y:0017 S:00EF P:Nv--dIzC V:26  H:275 BC:9D 00 07
EB69  INX                              A:00E5 X:00D3 Y:0017 S:00EF P:Nv--dIzC V:26  H:290 BC:E8
EB6A  BNE $EB63                        A:00E5 X:00D4 Y:0017 S:00EF P:Nv--dIzC V:26  H:296 BC:D0 F7
EB63  LDA $EB6F,X [$EC43] = $0020      A:00E5 X:00D4 Y:0017 S:00EF P:Nv--dIzC V:26  H:305 BC:BD 6F EB
EB66  STA $0700,X [$07D4] = $0000      A:0020 X:00D4 Y:0017 S:00EF P:nv--dIzC V:26  H:320 BC:9D 00 07
EB69  INX                              A:0020 X:00D4 Y:0017 S:00EF P:nv--dIzC V:26  H:335 BC:E8
EB6A  BNE $EB63                        A:0020 X:00D5 Y:0017 S:00EF P:Nv--dIzC V:27  H:0   BC:D0 F7
EB63  LDA $EB6F,X [$EC44] = $0001      A:0020 X:00D5 Y:0017 S:00EF P:Nv--dIzC V:27  H:9   BC:BD 6F EB
EB66  STA $0700,X [$07D5] = $0000      A:0001 X:00D5 Y:0017 S:00EF P:nv--dIzC V:27  H:24  BC:9D 00 07
EB69  INX                              A:0001 X:00D5 Y:0017 S:00EF P:nv--dIzC V:27  H:39  BC:E8
EB6A  BNE $EB63                        A:0001 X:00D6 Y:0017 S:00EF P:Nv--dIzC V:27  H:45  BC:D0 F7
EB63  LDA $EB6F,X [$EC45] = $00E5      A:0001 X:00D6 Y:0017 S:00EF P:Nv--dIzC V:27  H:54  BC:BD 6F EB
EB66  STA $0700,X [$07D6] = $0000      A:00E5 X:00D6 Y:0017 S:00EF P:Nv--dIzC V:27  H:69  BC:9D 00 07
EB69  INX                              A:00E5 X:00D6 Y:0017 S:00EF P:Nv--dIzC V:27  H:84  BC:E8
EB6A  BNE $EB63                        A:00E5 X:00D7 Y:0017 S:00EF P:Nv--dIzC V:27  H:90  BC:D0 F7
EB63  LDA $EB6F,X [$EC46] = $0020      A:00E5 X:00D7 Y:0017 S:00EF P:Nv--dIzC V:27  H:99  BC:BD 6F EB
EB66  STA $0700,X [$07D7] = $0000      A:0020 X:00D7 Y:0017 S:00EF P:nv--dIzC V:27  H:114 BC:9D 00 07
EB69  INX                              A:0020 X:00D7 Y:0017 S:00EF P:nv--dIzC V:27  H:129 BC:E8
EB6A  BNE $EB63                        A:0020 X:00D8 Y:0017 S:00EF P:Nv--dIzC V:27  H:135 BC:D0 F7
EB63  LDA $EB6F,X [$EC47] = $006F      A:0020 X:00D8 Y:0017 S:00EF P:Nv--dIzC V:27  H:144 BC:BD 6F EB
EB66  STA $0700,X [$07D8] = $0000      A:006F X:00D8 Y:0017 S:00EF P:nv--dIzC V:27  H:159 BC:9D 00 07
EB69  INX                              A:006F X:00D8 Y:0017 S:00EF P:nv--dIzC V:27  H:174 BC:E8
EB6A  BNE $EB63                        A:006F X:00D9 Y:0017 S:00EF P:Nv--dIzC V:27  H:180 BC:D0 F7
EB63  LDA $EB6F,X [$EC48] = $0066      A:006F X:00D9 Y:0017 S:00EF P:Nv--dIzC V:27  H:189 BC:BD 6F EB
EB66  STA $0700,X [$07D9] = $0000      A:0066 X:00D9 Y:0017 S:00EF P:nv--dIzC V:27  H:204 BC:9D 00 07
EB69  INX                              A:0066 X:00D9 Y:0017 S:00EF P:nv--dIzC V:27  H:219 BC:E8
EB6A  BNE $EB63                        A:0066 X:00DA Y:0017 S:00EF P:Nv--dIzC V:27  H:225 BC:D0 F7
EB63  LDA $EB6F,X [$EC49] = $0020      A:0066 X:00DA Y:0017 S:00EF P:Nv--dIzC V:27  H:234 BC:BD 6F EB
EB66  STA $0700,X [$07DA] = $0000      A:0020 X:00DA Y:0017 S:00EF P:nv--dIzC V:27  H:249 BC:9D 00 07
EB69  INX                              A:0020 X:00DA Y:0017 S:00EF P:nv--dIzC V:27  H:264 BC:E8
EB6A  BNE $EB63                        A:0020 X:00DB Y:0017 S:00EF P:Nv--dIzC V:27  H:270 BC:D0 F7
EB63  LDA $EB6F,X [$EC4A] = $0031      A:0020 X:00DB Y:0017 S:00EF P:Nv--dIzC V:27  H:279 BC:BD 6F EB
EB66  STA $0700,X [$07DB] = $0000      A:0031 X:00DB Y:0017 S:00EF P:nv--dIzC V:27  H:294 BC:9D 00 07
EB69  INX                              A:0031 X:00DB Y:0017 S:00EF P:nv--dIzC V:27  H:309 BC:E8
EB6A  BNE $EB63                        A:0031 X:00DC Y:0017 S:00EF P:Nv--dIzC V:27  H:315 BC:D0 F7
EB63  LDA $EB6F,X [$EC4B] = $0036      A:0031 X:00DC Y:0017 S:00EF P:Nv--dIzC V:27  H:324 BC:BD 6F EB
EB66  STA $0700,X [$07DC] = $0000      A:0036 X:00DC Y:0017 S:00EF P:nv--dIzC V:27  H:339 BC:9D 00 07
EB69  INX                              A:0036 X:00DC Y:0017 S:00EF P:nv--dIzC V:28  H:13  BC:E8
EB6A  BNE $EB63                        A:0036 X:00DD Y:0017 S:00EF P:Nv--dIzC V:28  H:19  BC:D0 F7
EB63  LDA $EB6F,X [$EC4C] = $000A      A:0036 X:00DD Y:0017 S:00EF P:Nv--dIzC V:28  H:28  BC:BD 6F EB
EB66  STA $0700,X [$07DD] = $0000      A:000A X:00DD Y:0017 S:00EF P:nv--dIzC V:28  H:43  BC:9D 00 07
EB69  INX                              A:000A X:00DD Y:0017 S:00EF P:nv--dIzC V:28  H:58  BC:E8
EB6A  BNE $EB63                        A:000A X:00DE Y:0017 S:00EF P:Nv--dIzC V:28  H:64  BC:D0 F7
EB63  LDA $EB6F,X [$EC4D] = $000A      A:000A X:00DE Y:0017 S:00EF P:Nv--dIzC V:28  H:73  BC:BD 6F EB
EB66  STA $0700,X [$07DE] = $0000      A:000A X:00DE Y:0017 S:00EF P:nv--dIzC V:28  H:88  BC:9D 00 07
EB69  INX                              A:000A X:00DE Y:0017 S:00EF P:nv--dIzC V:28  H:103 BC:E8
EB6A  BNE $EB63                        A:000A X:00DF Y:0017 S:00EF P:Nv--dIzC V:28  H:109 BC:D0 F7
EB63  LDA $EB6F,X [$EC4E] = $000A      A:000A X:00DF Y:0017 S:00EF P:Nv--dIzC V:28  H:118 BC:BD 6F EB
EB66  STA $0700,X [$07DF] = $0000      A:000A X:00DF Y:0017 S:00EF P:nv--dIzC V:28  H:133 BC:9D 00 07
EB69  INX                              A:000A X:00DF Y:0017 S:00EF P:nv--dIzC V:28  H:148 BC:E8
EB6A  BNE $EB63                        A:000A X:00E0 Y:0017 S:00EF P:Nv--dIzC V:28  H:154 BC:D0 F7
EB63  LDA $EB6F,X [$EC4F] = $0000      A:000A X:00E0 Y:0017 S:00EF P:Nv--dIzC V:28  H:163 BC:BD 6F EB
EB66  STA $0700,X [$07E0] = $0000      A:0000 X:00E0 Y:0017 S:00EF P:nv--dIZC V:28  H:178 BC:9D 00 07
EB69  INX                              A:0000 X:00E0 Y:0017 S:00EF P:nv--dIZC V:28  H:193 BC:E8
EB6A  BNE $EB63                        A:0000 X:00E1 Y:0017 S:00EF P:Nv--dIzC V:28  H:199 BC:D0 F7
EB63  LDA $EB6F,X [$EC50] = $0060      A:0000 X:00E1 Y:0017 S:00EF P:Nv--dIzC V:28  H:208 BC:BD 6F EB
EB66  STA $0700,X [$07E1] = $0000      A:0060 X:00E1 Y:0017 S:00EF P:nv--dIzC V:28  H:223 BC:9D 00 07
EB69  INX                              A:0060 X:00E1 Y:0017 S:00EF P:nv--dIzC V:28  H:238 BC:E8
EB6A  BNE $EB63                        A:0060 X:00E2 Y:0017 S:00EF P:Nv--dIzC V:28  H:244 BC:D0 F7
EB63  LDA $EB6F,X [$EC51] = $0048      A:0060 X:00E2 Y:0017 S:00EF P:Nv--dIzC V:28  H:253 BC:BD 6F EB
EB66  STA $0700,X [$07E2] = $0000      A:0048 X:00E2 Y:0017 S:00EF P:nv--dIzC V:28  H:268 BC:9D 00 07
EB69  INX                              A:0048 X:00E2 Y:0017 S:00EF P:nv--dIzC V:28  H:283 BC:E8
EB6A  BNE $EB63                        A:0048 X:00E3 Y:0017 S:00EF P:Nv--dIzC V:28  H:289 BC:D0 F7
EB63  LDA $EB6F,X [$EC52] = $00A9      A:0048 X:00E3 Y:0017 S:00EF P:Nv--dIzC V:28  H:298 BC:BD 6F EB
EB66  STA $0700,X [$07E3] = $0000      A:00A9 X:00E3 Y:0017 S:00EF P:Nv--dIzC V:28  H:313 BC:9D 00 07
EB69  INX                              A:00A9 X:00E3 Y:0017 S:00EF P:Nv--dIzC V:28  H:328 BC:E8
EB6A  BNE $EB63                        A:00A9 X:00E4 Y:0017 S:00EF P:Nv--dIzC V:28  H:334 BC:D0 F7
EB63  LDA $EB6F,X [$EC53] = $0030      A:00A9 X:00E4 Y:0017 S:00EF P:Nv--dIzC V:29  H:2   BC:BD 6F EB
EB66  STA $0700,X [$07E4] = $0000      A:0030 X:00E4 Y:0017 S:00EF P:nv--dIzC V:29  H:17  BC:9D 00 07
EB69  INX                              A:0030 X:00E4 Y:0017 S:00EF P:nv--dIzC V:29  H:32  BC:E8
EB6A  BNE $EB63                        A:0030 X:00E5 Y:0017 S:00EF P:Nv--dIzC V:29  H:38  BC:D0 F7
EB63  LDA $EB6F,X [$EC54] = $0020      A:0030 X:00E5 Y:0017 S:00EF P:Nv--dIzC V:29  H:47  BC:BD 6F EB
EB66  STA $0700,X [$07E5] = $0000      A:0020 X:00E5 Y:0017 S:00EF P:nv--dIzC V:29  H:62  BC:9D 00 07
EB69  INX                              A:0020 X:00E5 Y:0017 S:00EF P:nv--dIzC V:29  H:77  BC:E8
EB6A  BNE $EB63                        A:0020 X:00E6 Y:0017 S:00EF P:Nv--dIzC V:29  H:83  BC:D0 F7
EB63  LDA $EB6F,X [$EC55] = $0041      A:0020 X:00E6 Y:0017 S:00EF P:Nv--dIzC V:29  H:92  BC:BD 6F EB
EB66  STA $0700,X [$07E6] = $0000      A:0041 X:00E6 Y:0017 S:00EF P:nv--dIzC V:29  H:107 BC:9D 00 07
EB69  INX                              A:0041 X:00E6 Y:0017 S:00EF P:nv--dIzC V:29  H:122 BC:E8
EB6A  BNE $EB63                        A:0041 X:00E7 Y:0017 S:00EF P:Nv--dIzC V:29  H:128 BC:D0 F7
EB63  LDA $EB6F,X [$EC56] = $00EA      A:0041 X:00E7 Y:0017 S:00EF P:Nv--dIzC V:29  H:137 BC:BD 6F EB
EB66  STA $0700,X [$07E7] = $0000      A:00EA X:00E7 Y:0017 S:00EF P:Nv--dIzC V:29  H:152 BC:9D 00 07
EB69  INX                              A:00EA X:00E7 Y:0017 S:00EF P:Nv--dIzC V:29  H:167 BC:E8
EB6A  BNE $EB63                        A:00EA X:00E8 Y:0017 S:00EF P:Nv--dIzC V:29  H:173 BC:D0 F7
EB63  LDA $EB6F,X [$EC57] = $0068      A:00EA X:00E8 Y:0017 S:00EF P:Nv--dIzC V:29  H:182 BC:BD 6F EB
EB66  STA $0700,X [$07E8] = $0000      A:0068 X:00E8 Y:0017 S:00EF P:nv--dIzC V:29  H:197 BC:9D 00 07
EB69  INX                              A:0068 X:00E8 Y:0017 S:00EF P:nv--dIzC V:29  H:212 BC:E8
EB6A  BNE $EB63                        A:0068 X:00E9 Y:0017 S:00EF P:Nv--dIzC V:29  H:218 BC:D0 F7
EB63  LDA $EB6F,X [$EC58] = $008D      A:0068 X:00E9 Y:0017 S:00EF P:Nv--dIzC V:29  H:227 BC:BD 6F EB
EB66  STA $0700,X [$07E9] = $0000      A:008D X:00E9 Y:0017 S:00EF P:Nv--dIzC V:29  H:242 BC:9D 00 07
EB69  INX                              A:008D X:00E9 Y:0017 S:00EF P:Nv--dIzC V:29  H:257 BC:E8
EB6A  BNE $EB63                        A:008D X:00EA Y:0017 S:00EF P:Nv--dIzC V:29  H:263 BC:D0 F7
EB63  LDA $EB6F,X [$EC59] = $0000      A:008D X:00EA Y:0017 S:00EF P:Nv--dIzC V:29  H:272 BC:BD 6F EB
EB66  STA $0700,X [$07EA] = $0000      A:0000 X:00EA Y:0017 S:00EF P:nv--dIZC V:29  H:287 BC:9D 00 07
EB69  INX                              A:0000 X:00EA Y:0017 S:00EF P:nv--dIZC V:29  H:302 BC:E8
EB6A  BNE $EB63                        A:0000 X:00EB Y:0017 S:00EF P:Nv--dIzC V:29  H:308 BC:D0 F7
EB63  LDA $EB6F,X [$EC5A] = $0060      A:0000 X:00EB Y:0017 S:00EF P:Nv--dIzC V:29  H:317 BC:BD 6F EB
EB66  STA $0700,X [$07EB] = $0000      A:0060 X:00EB Y:0017 S:00EF P:nv--dIzC V:29  H:332 BC:9D 00 07
EB69  INX                              A:0060 X:00EB Y:0017 S:00EF P:nv--dIzC V:30  H:6   BC:E8
EB6A  BNE $EB63                        A:0060 X:00EC Y:0017 S:00EF P:Nv--dIzC V:30  H:12  BC:D0 F7
EB63  LDA $EB6F,X [$EC5B] = $004C      A:0060 X:00EC Y:0017 S:00EF P:Nv--dIzC V:30  H:21  BC:BD 6F EB
EB66  STA $0700,X [$07EC] = $0000      A:004C X:00EC Y:0017 S:00EF P:nv--dIzC V:30  H:36  BC:9D 00 07
EB69  INX                              A:004C X:00EC Y:0017 S:00EF P:nv--dIzC V:30  H:51  BC:E8
EB6A  BNE $EB63                        A:004C X:00ED Y:0017 S:00EF P:Nv--dIzC V:30  H:57  BC:D0 F7
EB63  LDA $EB6F,X [$EC5C] = $005B      A:004C X:00ED Y:0017 S:00EF P:Nv--dIzC V:30  H:66  BC:BD 6F EB
EB66  STA $0700,X [$07ED] = $0000      A:005B X:00ED Y:0017 S:00EF P:nv--dIzC V:30  H:81  BC:9D 00 07
EB69  INX                              A:005B X:00ED Y:0017 S:00EF P:nv--dIzC V:30  H:96  BC:E8
EB6A  BNE $EB63                        A:005B X:00EE Y:0017 S:00EF P:Nv--dIzC V:30  H:102 BC:D0 F7
EB63  LDA $EB6F,X [$EC5D] = $00EC      A:005B X:00EE Y:0017 S:00EF P:Nv--dIzC V:30  H:111 BC:BD 6F EB
EB66  STA $0700,X [$07EE] = $0000      A:00EC X:00EE Y:0017 S:00EF P:Nv--dIzC V:30  H:126 BC:9D 00 07
EB69  INX                              A:00EC X:00EE Y:0017 S:00EF P:Nv--dIzC V:30  H:141 BC:E8
EB6A  BNE $EB63                        A:00EC X:00EF Y:0017 S:00EF P:Nv--dIzC V:30  H:147 BC:D0 F7
EB63  LDA $EB6F,X [$EC5E] = $00FF      A:00EC X:00EF Y:0017 S:00EF P:Nv--dIzC V:30  H:156 BC:BD 6F EB
EB66  STA $0700,X [$07EF] = $0000      A:00FF X:00EF Y:0017 S:00EF P:Nv--dIzC V:30  H:171 BC:9D 00 07
EB69  INX                              A:00FF X:00EF Y:0017 S:00EF P:Nv--dIzC V:30  H:186 BC:E8
EB6A  BNE $EB63                        A:00FF X:00F0 Y:0017 S:00EF P:Nv--dIzC V:30  H:192 BC:D0 F7
EB63  LDA $EB6F,X [$EC5F] = $00FF      A:00FF X:00F0 Y:0017 S:00EF P:Nv--dIzC V:30  H:201 BC:BD 6F EB
EB66  STA $0700,X [$07F0] = $0000      A:00FF X:00F0 Y:0017 S:00EF P:Nv--dIzC V:30  H:216 BC:9D 00 07
EB69  INX                              A:00FF X:00F0 Y:0017 S:00EF P:Nv--dIzC V:30  H:231 BC:E8
EB6A  BNE $EB63                        A:00FF X:00F1 Y:0017 S:00EF P:Nv--dIzC V:30  H:237 BC:D0 F7
EB63  LDA $EB6F,X [$EC60] = $00FF      A:00FF X:00F1 Y:0017 S:00EF P:Nv--dIzC V:30  H:246 BC:BD 6F EB
EB66  STA $0700,X [$07F1] = $0000      A:00FF X:00F1 Y:0017 S:00EF P:Nv--dIzC V:30  H:261 BC:9D 00 07
EB69  INX                              A:00FF X:00F1 Y:0017 S:00EF P:Nv--dIzC V:30  H:276 BC:E8
EB6A  BNE $EB63                        A:00FF X:00F2 Y:0017 S:00EF P:Nv--dIzC V:30  H:282 BC:D0 F7
EB63  LDA $EB6F,X [$EC61] = $00FF      A:00FF X:00F2 Y:0017 S:00EF P:Nv--dIzC V:30  H:291 BC:BD 6F EB
EB66  STA $0700,X [$07F2] = $0000      A:00FF X:00F2 Y:0017 S:00EF P:Nv--dIzC V:30  H:306 BC:9D 00 07
EB69  INX                              A:00FF X:00F2 Y:0017 S:00EF P:Nv--dIzC V:30  H:321 BC:E8
EB6A  BNE $EB63                        A:00FF X:00F3 Y:0017 S:00EF P:Nv--dIzC V:30  H:327 BC:D0 F7
EB63  LDA $EB6F,X [$EC62] = $00FF      A:00FF X:00F3 Y:0017 S:00EF P:Nv--dIzC V:30  H:336 BC:BD 6F EB
EB66  STA $0700,X [$07F3] = $0000      A:00FF X:00F3 Y:0017 S:00EF P:Nv--dIzC V:31  H:10  BC:9D 00 07
EB69  INX                              A:00FF X:00F3 Y:0017 S:00EF P:Nv--dIzC V:31  H:25  BC:E8
EB6A  BNE $EB63                        A:00FF X:00F4 Y:0017 S:00EF P:Nv--dIzC V:31  H:31  BC:D0 F7
EB63  LDA $EB6F,X [$EC63] = $00FF      A:00FF X:00F4 Y:0017 S:00EF P:Nv--dIzC V:31  H:40  BC:BD 6F EB
EB66  STA $0700,X [$07F4] = $0000      A:00FF X:00F4 Y:0017 S:00EF P:Nv--dIzC V:31  H:55  BC:9D 00 07
EB69  INX                              A:00FF X:00F4 Y:0017 S:00EF P:Nv--dIzC V:31  H:70  BC:E8
EB6A  BNE $EB63                        A:00FF X:00F5 Y:0017 S:00EF P:Nv--dIzC V:31  H:76  BC:D0 F7
EB63  LDA $EB6F,X [$EC64] = $00FF      A:00FF X:00F5 Y:0017 S:00EF P:Nv--dIzC V:31  H:85  BC:BD 6F EB
EB66  STA $0700,X [$07F5] = $0000      A:00FF X:00F5 Y:0017 S:00EF P:Nv--dIzC V:31  H:100 BC:9D 00 07
EB69  INX                              A:00FF X:00F5 Y:0017 S:00EF P:Nv--dIzC V:31  H:115 BC:E8
EB6A  BNE $EB63                        A:00FF X:00F6 Y:0017 S:00EF P:Nv--dIzC V:31  H:121 BC:D0 F7
EB63  LDA $EB6F,X [$EC65] = $00FF      A:00FF X:00F6 Y:0017 S:00EF P:Nv--dIzC V:31  H:130 BC:BD 6F EB
EB66  STA $0700,X [$07F6] = $0000      A:00FF X:00F6 Y:0017 S:00EF P:Nv--dIzC V:31  H:145 BC:9D 00 07
EB69  INX                              A:00FF X:00F6 Y:0017 S:00EF P:Nv--dIzC V:31  H:160 BC:E8
EB6A  BNE $EB63                        A:00FF X:00F7 Y:0017 S:00EF P:Nv--dIzC V:31  H:166 BC:D0 F7
EB63  LDA $EB6F,X [$EC66] = $00FF      A:00FF X:00F7 Y:0017 S:00EF P:Nv--dIzC V:31  H:175 BC:BD 6F EB
EB66  STA $0700,X [$07F7] = $0000      A:00FF X:00F7 Y:0017 S:00EF P:Nv--dIzC V:31  H:190 BC:9D 00 07
EB69  INX                              A:00FF X:00F7 Y:0017 S:00EF P:Nv--dIzC V:31  H:205 BC:E8
EB6A  BNE $EB63                        A:00FF X:00F8 Y:0017 S:00EF P:Nv--dIzC V:31  H:211 BC:D0 F7
EB63  LDA $EB6F,X [$EC67] = $00FF      A:00FF X:00F8 Y:0017 S:00EF P:Nv--dIzC V:31  H:220 BC:BD 6F EB
EB66  STA $0700,X [$07F8] = $0000      A:00FF X:00F8 Y:0017 S:00EF P:Nv--dIzC V:31  H:235 BC:9D 00 07
EB69  INX                              A:00FF X:00F8 Y:0017 S:00EF P:Nv--dIzC V:31  H:250 BC:E8
EB6A  BNE $EB63                        A:00FF X:00F9 Y:0017 S:00EF P:Nv--dIzC V:31  H:256 BC:D0 F7
EB63  LDA $EB6F,X [$EC68] = $00FF      A:00FF X:00F9 Y:0017 S:00EF P:Nv--dIzC V:31  H:265 BC:BD 6F EB
EB66  STA $0700,X [$07F9] = $0000      A:00FF X:00F9 Y:0017 S:00EF P:Nv--dIzC V:31  H:280 BC:9D 00 07
EB69  INX                              A:00FF X:00F9 Y:0017 S:00EF P:Nv--dIzC V:31  H:295 BC:E8
EB6A  BNE $EB63                        A:00FF X:00FA Y:0017 S:00EF P:Nv--dIzC V:31  H:301 BC:D0 F7
EB63  LDA $EB6F,X [$EC69] = $00FF      A:00FF X:00FA Y:0017 S:00EF P:Nv--dIzC V:31  H:310 BC:BD 6F EB
EB66  STA $0700,X [$07FA] = $0000      A:00FF X:00FA Y:0017 S:00EF P:Nv--dIzC V:31  H:325 BC:9D 00 07
EB69  INX                              A:00FF X:00FA Y:0017 S:00EF P:Nv--dIzC V:31  H:340 BC:E8
EB6A  BNE $EB63                        A:00FF X:00FB Y:0017 S:00EF P:Nv--dIzC V:32  H:5   BC:D0 F7
EB63  LDA $EB6F,X [$EC6A] = $00FF      A:00FF X:00FB Y:0017 S:00EF P:Nv--dIzC V:32  H:14  BC:BD 6F EB
EB66  STA $0700,X [$07FB] = $0000      A:00FF X:00FB Y:0017 S:00EF P:Nv--dIzC V:32  H:29  BC:9D 00 07
EB69  INX                              A:00FF X:00FB Y:0017 S:00EF P:Nv--dIzC V:32  H:44  BC:E8
EB6A  BNE $EB63                        A:00FF X:00FC Y:0017 S:00EF P:Nv--dIzC V:32  H:50  BC:D0 F7
EB63  LDA $EB6F,X [$EC6B] = $00FF      A:00FF X:00FC Y:0017 S:00EF P:Nv--dIzC V:32  H:59  BC:BD 6F EB
EB66  STA $0700,X [$07FC] = $0000      A:00FF X:00FC Y:0017 S:00EF P:Nv--dIzC V:32  H:74  BC:9D 00 07
EB69  INX                              A:00FF X:00FC Y:0017 S:00EF P:Nv--dIzC V:32  H:89  BC:E8
EB6A  BNE $EB63                        A:00FF X:00FD Y:0017 S:00EF P:Nv--dIzC V:32  H:95  BC:D0 F7
EB63  LDA $EB6F,X [$EC6C] = $00FF      A:00FF X:00FD Y:0017 S:00EF P:Nv--dIzC V:32  H:104 BC:BD 6F EB
EB66  STA $0700,X [$07FD] = $0000      A:00FF X:00FD Y:0017 S:00EF P:Nv--dIzC V:32  H:119 BC:9D 00 07
EB69  INX                              A:00FF X:00FD Y:0017 S:00EF P:Nv--dIzC V:32  H:134 BC:E8
EB6A  BNE $EB63                        A:00FF X:00FE Y:0017 S:00EF P:Nv--dIzC V:32  H:140 BC:D0 F7
EB63  LDA $EB6F,X [$EC6D] = $00FF      A:00FF X:00FE Y:0017 S:00EF P:Nv--dIzC V:32  H:149 BC:BD 6F EB
EB66  STA $0700,X [$07FE] = $0000      A:00FF X:00FE Y:0017 S:00EF P:Nv--dIzC V:32  H:164 BC:9D 00 07
EB69  INX                              A:00FF X:00FE Y:0017 S:00EF P:Nv--dIzC V:32  H:179 BC:E8
EB6A  BNE $EB63                        A:00FF X:00FF Y:0017 S:00EF P:Nv--dIzC V:32  H:185 BC:D0 F7
EB63  LDA $EB6F,X [$EC6E] = $00FF      A:00FF X:00FF Y:0017 S:00EF P:Nv--dIzC V:32  H:194 BC:BD 6F EB
EB66  STA $0700,X [$07FF] = $0000      A:00FF X:00FF Y:0017 S:00EF P:Nv--dIzC V:32  H:209 BC:9D 00 07
EB69  INX                              A:00FF X:00FF Y:0017 S:00EF P:Nv--dIzC V:32  H:224 BC:E8
EB6A  BNE $EB63                        A:00FF X:0000 Y:0017 S:00EF P:nv--dIZC V:32  H:230 BC:D0 F7
